ERROR - 2024-07-23 08:21:05 --> Error connecting to the database: No connection could be made because the target machine actively refused it.

CRITICAL - 2024-07-23 08:21:05 --> Unable to connect to the database.
Main connection [MySQLi]: No connection could be made because the target machine actively refused it.

in SYSTEMPATH\Database\BaseConnection.php on line 416.
 1 SYSTEMPATH\Database\BaseConnection.php(586): CodeIgniter\Database\BaseConnection->initialize()
 2 SYSTEMPATH\Database\BaseBuilder.php(1585): CodeIgniter\Database\BaseConnection->query('SELECT *
FROM `users`
WHERE `email` = :email:
 LIMIT 1', [...], false)
 3 SYSTEMPATH\Model.php(249): CodeIgniter\Database\BaseBuilder->get()
 4 SYSTEMPATH\BaseModel.php(622): CodeIgniter\Model->doFirst()
 5 APPPATH\Controllers\Auth.php(25): CodeIgniter\BaseModel->first()
 6 SYSTEMPATH\CodeIgniter.php(900): App\Controllers\Auth->index()
 7 SYSTEMPATH\CodeIgniter.php(470): CodeIgniter\CodeIgniter->runController(Object(App\Controllers\Auth))
 8 SYSTEMPATH\CodeIgniter.php(353): CodeIgniter\CodeIgniter->handleRequest(null, Object(Config\Cache), false)
 9 FCPATH\index.php(55): CodeIgniter\CodeIgniter->run()
CRITICAL - 2024-07-23 08:50:51 --> number_format() expects at least 1 parameter, 0 given
in APPPATH\Views\pages\loans\list.php on line 48.
 1 [internal function]: CodeIgniter\Debug\Exceptions->errorHandler(2, 'number_format() expects at least 1 parameter, 0 given', 'APPPATH\\Views\\pages\\loans\\list.php', 48, [...])
 2 APPPATH\Views\pages\loans\list.php(48): number_format()
 3 SYSTEMPATH\View\View.php(213): include('APPPATH\\Views\\pages\\loans\\list.php')
 4 SYSTEMPATH\View\View.php(216): CodeIgniter\View\View->CodeIgniter\View\{closure}()
 5 SYSTEMPATH\Common.php(1135): CodeIgniter\View\View->render('pages/loans/list', [], true)
 6 APPPATH\Controllers\Main.php(705): view('pages/loans/list', [...])
 7 SYSTEMPATH\CodeIgniter.php(900): App\Controllers\Main->loans()
 8 SYSTEMPATH\CodeIgniter.php(470): CodeIgniter\CodeIgniter->runController(Object(App\Controllers\Main))
 9 SYSTEMPATH\CodeIgniter.php(353): CodeIgniter\CodeIgniter->handleRequest(null, Object(Config\Cache), false)
10 FCPATH\index.php(55): CodeIgniter\CodeIgniter->run()
CRITICAL - 2024-07-23 10:00:42 --> Undefined variable: details
in APPPATH\Views\pages\payslips\add.php on line 152.
 1 APPPATH\Views\pages\payslips\add.php(152): CodeIgniter\Debug\Exceptions->errorHandler(8, 'Undefined variable: details', 'APPPATH\\Views\\pages\\payslips\\add.php', 152, [...])
 2 SYSTEMPATH\View\View.php(213): include('APPPATH\\Views\\pages\\payslips\\add.php')
 3 SYSTEMPATH\View\View.php(216): CodeIgniter\View\View->CodeIgniter\View\{closure}()
 4 SYSTEMPATH\Common.php(1135): CodeIgniter\View\View->render('pages/payslips/add', [], true)
 5 APPPATH\Controllers\Main.php(617): view('pages/payslips/add', [...])
 6 SYSTEMPATH\CodeIgniter.php(900): App\Controllers\Main->payslip_add()
 7 SYSTEMPATH\CodeIgniter.php(470): CodeIgniter\CodeIgniter->runController(Object(App\Controllers\Main))
 8 SYSTEMPATH\CodeIgniter.php(353): CodeIgniter\CodeIgniter->handleRequest(null, Object(Config\Cache), false)
 9 FCPATH\index.php(55): CodeIgniter\CodeIgniter->run()
CRITICAL - 2024-07-23 10:01:03 --> Undefined variable: details
in APPPATH\Views\pages\payslips\add.php on line 153.
 1 APPPATH\Views\pages\payslips\add.php(153): CodeIgniter\Debug\Exceptions->errorHandler(8, 'Undefined variable: details', 'APPPATH\\Views\\pages\\payslips\\add.php', 153, [...])
 2 SYSTEMPATH\View\View.php(213): include('APPPATH\\Views\\pages\\payslips\\add.php')
 3 SYSTEMPATH\View\View.php(216): CodeIgniter\View\View->CodeIgniter\View\{closure}()
 4 SYSTEMPATH\Common.php(1135): CodeIgniter\View\View->render('pages/payslips/add', [], true)
 5 APPPATH\Controllers\Main.php(617): view('pages/payslips/add', [...])
 6 SYSTEMPATH\CodeIgniter.php(900): App\Controllers\Main->payslip_add()
 7 SYSTEMPATH\CodeIgniter.php(470): CodeIgniter\CodeIgniter->runController(Object(App\Controllers\Main))
 8 SYSTEMPATH\CodeIgniter.php(353): CodeIgniter\CodeIgniter->handleRequest(null, Object(Config\Cache), false)
 9 FCPATH\index.php(55): CodeIgniter\CodeIgniter->run()
