ERROR - 2024-07-10 11:43:43 --> Cannot add or update a child row: a foreign key constraint fails (`payroll_db`.`payslips`, CONSTRAINT `payslips_payroll_id_foreign` FOREIGN KEY (`payroll_id`) REFERENCES `payrolls` (`id`) ON DELETE CASCADE ON UPDATE NO ACTION)
CRITICAL - 2024-07-10 11:43:43 --> Cannot add or update a child row: a foreign key constraint fails (`payroll_db`.`payslips`, CONSTRAINT `payslips_payroll_id_foreign` FOREIGN KEY (`payroll_id`) REFERENCES `payrolls` (`id`) ON DELETE CASCADE ON UPDATE NO ACTION)
in SYSTEMPATH\Database\MySQLi\Connection.php on line 292.
 1 SYSTEMPATH\Database\MySQLi\Connection.php(292): mysqli->query('INSERT INTO `payslips` (`salary`, `employee_id`, `present`, `late_undertime`, `late_undertime_deduction`, `witholding_tax`, `net`) VALUES (\'5000\', \'30\', \'48\', \'78\', 31.25, \'64\', \'4300.583\')', 0)
 2 SYSTEMPATH\Database\BaseConnection.php(695): CodeIgniter\Database\MySQLi\Connection->execute('INSERT INTO `payslips` (`salary`, `employee_id`, `present`, `late_undertime`, `late_undertime_deduction`, `witholding_tax`, `net`) VALUES (\'5000\', \'30\', \'48\', \'78\', 31.25, \'64\', \'4300.583\')')
 3 SYSTEMPATH\Database\BaseConnection.php(609): CodeIgniter\Database\BaseConnection->simpleQuery('INSERT INTO `payslips` (`salary`, `employee_id`, `present`, `late_undertime`, `late_undertime_deduction`, `witholding_tax`, `net`) VALUES (\'5000\', \'30\', \'48\', \'78\', 31.25, \'64\', \'4300.583\')')
 4 SYSTEMPATH\Database\BaseBuilder.php(1904): CodeIgniter\Database\BaseConnection->query('INSERT INTO `payslips` (`salary`, `employee_id`, `present`, `late_undertime`, `late_undertime_deduction`, `witholding_tax`, `net`) VALUES (:salary:, :employee_id.1:, :present:, :late_undertime:, :late_undertime_deduction:, :witholding_tax:, :net:)', [...], false)
 5 SYSTEMPATH\Model.php(278): CodeIgniter\Database\BaseBuilder->insert()
 6 SYSTEMPATH\BaseModel.php(738): CodeIgniter\Model->doInsert([...])
 7 SYSTEMPATH\Model.php(666): CodeIgniter\BaseModel->insert([...], false)
 8 SYSTEMPATH\BaseModel.php(658): CodeIgniter\Model->insert([...], false)
 9 APPPATH\Controllers\Main.php(533): CodeIgniter\BaseModel->save([...])
10 SYSTEMPATH\CodeIgniter.php(900): App\Controllers\Main->payslip_add('$1')
11 SYSTEMPATH\CodeIgniter.php(470): CodeIgniter\CodeIgniter->runController(Object(App\Controllers\Main))
12 SYSTEMPATH\CodeIgniter.php(353): CodeIgniter\CodeIgniter->handleRequest(null, Object(Config\Cache), false)
13 FCPATH\index.php(55): CodeIgniter\CodeIgniter->run()
CRITICAL - 2024-07-10 11:52:51 --> A non-numeric value encountered
in APPPATH\Controllers\Main.php on line 525.
 1 APPPATH\Controllers\Main.php(525): CodeIgniter\Debug\Exceptions->errorHandler(2, 'A non-numeric value encountered', 'APPPATH\\Controllers\\Main.php', 525, [...])
 2 SYSTEMPATH\CodeIgniter.php(900): App\Controllers\Main->payslip_add('$1')
 3 SYSTEMPATH\CodeIgniter.php(470): CodeIgniter\CodeIgniter->runController(Object(App\Controllers\Main))
 4 SYSTEMPATH\CodeIgniter.php(353): CodeIgniter\CodeIgniter->handleRequest(null, Object(Config\Cache), false)
 5 FCPATH\index.php(55): CodeIgniter\CodeIgniter->run()
CRITICAL - 2024-07-10 11:56:13 --> A non-numeric value encountered
in APPPATH\Controllers\Main.php on line 527.
 1 APPPATH\Controllers\Main.php(527): CodeIgniter\Debug\Exceptions->errorHandler(2, 'A non-numeric value encountered', 'APPPATH\\Controllers\\Main.php', 527, [...])
 2 SYSTEMPATH\CodeIgniter.php(900): App\Controllers\Main->payslip_add('$1')
 3 SYSTEMPATH\CodeIgniter.php(470): CodeIgniter\CodeIgniter->runController(Object(App\Controllers\Main))
 4 SYSTEMPATH\CodeIgniter.php(353): CodeIgniter\CodeIgniter->handleRequest(null, Object(Config\Cache), false)
 5 FCPATH\index.php(55): CodeIgniter\CodeIgniter->run()
ERROR - 2024-07-10 11:57:00 --> Cannot add or update a child row: a foreign key constraint fails (`payroll_db`.`payslips`, CONSTRAINT `payslips_payroll_id_foreign` FOREIGN KEY (`payroll_id`) REFERENCES `payrolls` (`id`) ON DELETE CASCADE ON UPDATE NO ACTION)
CRITICAL - 2024-07-10 11:57:00 --> Cannot add or update a child row: a foreign key constraint fails (`payroll_db`.`payslips`, CONSTRAINT `payslips_payroll_id_foreign` FOREIGN KEY (`payroll_id`) REFERENCES `payrolls` (`id`) ON DELETE CASCADE ON UPDATE NO ACTION)
in SYSTEMPATH\Database\MySQLi\Connection.php on line 292.
 1 SYSTEMPATH\Database\MySQLi\Connection.php(292): mysqli->query('INSERT INTO `payslips` (`salary`, `employee_id`, `present`, `late_undertime`, `late_undertime_deduction`, `witholding_tax`, `net`) VALUES (\'5000\', \'31\', \'48\', \'0\', 0, \'\', \'5000.000\')', 0)
 2 SYSTEMPATH\Database\BaseConnection.php(695): CodeIgniter\Database\MySQLi\Connection->execute('INSERT INTO `payslips` (`salary`, `employee_id`, `present`, `late_undertime`, `late_undertime_deduction`, `witholding_tax`, `net`) VALUES (\'5000\', \'31\', \'48\', \'0\', 0, \'\', \'5000.000\')')
 3 SYSTEMPATH\Database\BaseConnection.php(609): CodeIgniter\Database\BaseConnection->simpleQuery('INSERT INTO `payslips` (`salary`, `employee_id`, `present`, `late_undertime`, `late_undertime_deduction`, `witholding_tax`, `net`) VALUES (\'5000\', \'31\', \'48\', \'0\', 0, \'\', \'5000.000\')')
 4 SYSTEMPATH\Database\BaseBuilder.php(1904): CodeIgniter\Database\BaseConnection->query('INSERT INTO `payslips` (`salary`, `employee_id`, `present`, `late_undertime`, `late_undertime_deduction`, `witholding_tax`, `net`) VALUES (:salary:, :employee_id.1:, :present:, :late_undertime:, :late_undertime_deduction:, :witholding_tax:, :net:)', [...], false)
 5 SYSTEMPATH\Model.php(278): CodeIgniter\Database\BaseBuilder->insert()
 6 SYSTEMPATH\BaseModel.php(738): CodeIgniter\Model->doInsert([...])
 7 SYSTEMPATH\Model.php(666): CodeIgniter\BaseModel->insert([...], false)
 8 SYSTEMPATH\BaseModel.php(658): CodeIgniter\Model->insert([...], false)
 9 APPPATH\Controllers\Main.php(535): CodeIgniter\BaseModel->save([...])
10 SYSTEMPATH\CodeIgniter.php(900): App\Controllers\Main->payslip_add('$1')
11 SYSTEMPATH\CodeIgniter.php(470): CodeIgniter\CodeIgniter->runController(Object(App\Controllers\Main))
12 SYSTEMPATH\CodeIgniter.php(353): CodeIgniter\CodeIgniter->handleRequest(null, Object(Config\Cache), false)
13 FCPATH\index.php(55): CodeIgniter\CodeIgniter->run()
CRITICAL - 2024-07-10 11:58:54 --> A non-numeric value encountered
in APPPATH\Controllers\Main.php on line 527.
 1 APPPATH\Controllers\Main.php(527): CodeIgniter\Debug\Exceptions->errorHandler(2, 'A non-numeric value encountered', 'APPPATH\\Controllers\\Main.php', 527, [...])
 2 SYSTEMPATH\CodeIgniter.php(900): App\Controllers\Main->payslip_add('$1')
 3 SYSTEMPATH\CodeIgniter.php(470): CodeIgniter\CodeIgniter->runController(Object(App\Controllers\Main))
 4 SYSTEMPATH\CodeIgniter.php(353): CodeIgniter\CodeIgniter->handleRequest(null, Object(Config\Cache), false)
 5 FCPATH\index.php(55): CodeIgniter\CodeIgniter->run()
