CRITICAL - 2024-07-06 05:09:14 --> Call to undefined function CodeIgniter\locale_set_default()
in SYSTEMPATH\CodeIgniter.php on line 193.
 1 FCPATH\index.php(43): CodeIgniter\CodeIgniter->initialize()
CRITICAL - 2024-07-06 11:13:13 --> Creation of dynamic property App\Controllers\Main::$session is deprecated
in APPPATH\Controllers\Main.php on line 19.
 1 APPPATH\Controllers\Main.php(19): CodeIgniter\Debug\Exceptions->errorHandler(8192, 'Creation of dynamic property App\\Controllers\\Main::$session is deprecated', 'APPPATH\\Controllers\\Main.php', 19)
 2 SYSTEMPATH\CodeIgniter.php(862): App\Controllers\Main->__construct()
 3 SYSTEMPATH\CodeIgniter.php(461): CodeIgniter\CodeIgniter->createController()
 4 SYSTEMPATH\CodeIgniter.php(353): CodeIgniter\CodeIgniter->handleRequest(null, Object(Config\Cache), false)
 5 FCPATH\index.php(55): CodeIgniter\CodeIgniter->run()
CRITICAL - 2024-07-06 05:31:58 --> Call to undefined function CodeIgniter\locale_set_default()
in SYSTEMPATH\CodeIgniter.php on line 194.
 1 FCPATH\index.php(43): CodeIgniter\CodeIgniter->initialize()
CRITICAL - 2024-07-06 05:34:34 --> Call to undefined function CodeIgniter\locale_set_default()
in SYSTEMPATH\CodeIgniter.php on line 194.
 1 FCPATH\index.php(43): CodeIgniter\CodeIgniter->initialize()
CRITICAL - 2024-07-06 05:34:36 --> Call to undefined function CodeIgniter\locale_set_default()
in SYSTEMPATH\CodeIgniter.php on line 194.
 1 FCPATH\index.php(43): CodeIgniter\CodeIgniter->initialize()
CRITICAL - 2024-07-06 11:35:15 --> Creation of dynamic property App\Controllers\Main::$session is deprecated
in APPPATH\Controllers\Main.php on line 19.
 1 APPPATH\Controllers\Main.php(19): CodeIgniter\Debug\Exceptions->errorHandler(8192, 'Creation of dynamic property App\\Controllers\\Main::$session is deprecated', 'APPPATH\\Controllers\\Main.php', 19)
 2 SYSTEMPATH\CodeIgniter.php(862): App\Controllers\Main->__construct()
 3 SYSTEMPATH\CodeIgniter.php(461): CodeIgniter\CodeIgniter->createController()
 4 SYSTEMPATH\CodeIgniter.php(353): CodeIgniter\CodeIgniter->handleRequest(null, Object(Config\Cache), false)
 5 FCPATH\index.php(55): CodeIgniter\CodeIgniter->run()
CRITICAL - 2024-07-06 12:34:42 --> Undefined variable: payroll_id
in APPPATH\Controllers\Main.php on line 509.
 1 APPPATH\Controllers\Main.php(509): CodeIgniter\Debug\Exceptions->errorHandler(8, 'Undefined variable: payroll_id', 'APPPATH\\Controllers\\Main.php', 509, [...])
 2 SYSTEMPATH\CodeIgniter.php(900): App\Controllers\Main->payslip_add('$1')
 3 SYSTEMPATH\CodeIgniter.php(470): CodeIgniter\CodeIgniter->runController(Object(App\Controllers\Main))
 4 SYSTEMPATH\CodeIgniter.php(353): CodeIgniter\CodeIgniter->handleRequest(null, Object(Config\Cache), false)
 5 FCPATH\index.php(55): CodeIgniter\CodeIgniter->run()
CRITICAL - 2024-07-06 14:00:12 --> Call to undefined method CodeIgniter\Database\MySQLi\Connection::select()
in APPPATH\Models\Designation.php on line 44.
 1 APPPATH\Controllers\Main.php(307): App\Models\Designation->increemented_code()
 2 SYSTEMPATH\CodeIgniter.php(900): App\Controllers\Main->employee_add()
 3 SYSTEMPATH\CodeIgniter.php(470): CodeIgniter\CodeIgniter->runController(Object(App\Controllers\Main))
 4 SYSTEMPATH\CodeIgniter.php(353): CodeIgniter\CodeIgniter->handleRequest(null, Object(Config\Cache), false)
 5 FCPATH\index.php(55): CodeIgniter\CodeIgniter->run()
CRITICAL - 2024-07-06 14:01:46 --> Call to undefined method CodeIgniter\Database\MySQLi\Connection::select()
in APPPATH\Models\Designation.php on line 47.
 1 APPPATH\Controllers\Main.php(307): App\Models\Designation->increemented_code()
 2 SYSTEMPATH\CodeIgniter.php(900): App\Controllers\Main->employee_add()
 3 SYSTEMPATH\CodeIgniter.php(470): CodeIgniter\CodeIgniter->runController(Object(App\Controllers\Main))
 4 SYSTEMPATH\CodeIgniter.php(353): CodeIgniter\CodeIgniter->handleRequest(null, Object(Config\Cache), false)
 5 FCPATH\index.php(55): CodeIgniter\CodeIgniter->run()
CRITICAL - 2024-07-06 14:04:09 --> Call to undefined method CodeIgniter\Database\MySQLi\Builder::order_by()
in APPPATH\Models\Designation.php on line 49.
 1 APPPATH\Controllers\Main.php(307): App\Models\Designation->increemented_code()
 2 SYSTEMPATH\CodeIgniter.php(900): App\Controllers\Main->employee_add()
 3 SYSTEMPATH\CodeIgniter.php(470): CodeIgniter\CodeIgniter->runController(Object(App\Controllers\Main))
 4 SYSTEMPATH\CodeIgniter.php(353): CodeIgniter\CodeIgniter->handleRequest(null, Object(Config\Cache), false)
 5 FCPATH\index.php(55): CodeIgniter\CodeIgniter->run()
CRITICAL - 2024-07-06 14:07:05 --> Call to undefined method App\Models\Employee::order_by
in SYSTEMPATH\Model.php on line 773.
 1 APPPATH\Controllers\Main.php(309): CodeIgniter\Model->__call('order_by', [...])
 2 SYSTEMPATH\CodeIgniter.php(900): App\Controllers\Main->employee_add()
 3 SYSTEMPATH\CodeIgniter.php(470): CodeIgniter\CodeIgniter->runController(Object(App\Controllers\Main))
 4 SYSTEMPATH\CodeIgniter.php(353): CodeIgniter\CodeIgniter->handleRequest(null, Object(Config\Cache), false)
 5 FCPATH\index.php(55): CodeIgniter\CodeIgniter->run()
CRITICAL - 2024-07-06 14:08:47 --> Call to undefined method CodeIgniter\Database\MySQLi\Result::result()
in APPPATH\Controllers\Main.php on line 310.
 1 SYSTEMPATH\CodeIgniter.php(900): App\Controllers\Main->employee_add()
 2 SYSTEMPATH\CodeIgniter.php(470): CodeIgniter\CodeIgniter->runController(Object(App\Controllers\Main))
 3 SYSTEMPATH\CodeIgniter.php(353): CodeIgniter\CodeIgniter->handleRequest(null, Object(Config\Cache), false)
 4 FCPATH\index.php(55): CodeIgniter\CodeIgniter->run()
CRITICAL - 2024-07-06 14:09:02 --> Call to a member function result() on array
in APPPATH\Controllers\Main.php on line 310.
 1 SYSTEMPATH\CodeIgniter.php(900): App\Controllers\Main->employee_add()
 2 SYSTEMPATH\CodeIgniter.php(470): CodeIgniter\CodeIgniter->runController(Object(App\Controllers\Main))
 3 SYSTEMPATH\CodeIgniter.php(353): CodeIgniter\CodeIgniter->handleRequest(null, Object(Config\Cache), false)
 4 FCPATH\index.php(55): CodeIgniter\CodeIgniter->run()
CRITICAL - 2024-07-06 14:09:23 --> Call to a member function result() on array
in APPPATH\Controllers\Main.php on line 311.
 1 SYSTEMPATH\CodeIgniter.php(900): App\Controllers\Main->employee_add()
 2 SYSTEMPATH\CodeIgniter.php(470): CodeIgniter\CodeIgniter->runController(Object(App\Controllers\Main))
 3 SYSTEMPATH\CodeIgniter.php(353): CodeIgniter\CodeIgniter->handleRequest(null, Object(Config\Cache), false)
 4 FCPATH\index.php(55): CodeIgniter\CodeIgniter->run()
CRITICAL - 2024-07-06 14:12:07 --> Call to undefined method CodeIgniter\Database\MySQLi\Result::last_row()
in APPPATH\Controllers\Main.php on line 311.
 1 SYSTEMPATH\CodeIgniter.php(900): App\Controllers\Main->employee_add()
 2 SYSTEMPATH\CodeIgniter.php(470): CodeIgniter\CodeIgniter->runController(Object(App\Controllers\Main))
 3 SYSTEMPATH\CodeIgniter.php(353): CodeIgniter\CodeIgniter->handleRequest(null, Object(Config\Cache), false)
 4 FCPATH\index.php(55): CodeIgniter\CodeIgniter->run()
CRITICAL - 2024-07-06 14:12:19 --> Call to undefined method App\Models\Employee::last_row
in SYSTEMPATH\Model.php on line 773.
 1 APPPATH\Controllers\Main.php(309): CodeIgniter\Model->__call('last_row', [])
 2 SYSTEMPATH\CodeIgniter.php(900): App\Controllers\Main->employee_add()
 3 SYSTEMPATH\CodeIgniter.php(470): CodeIgniter\CodeIgniter->runController(Object(App\Controllers\Main))
 4 SYSTEMPATH\CodeIgniter.php(353): CodeIgniter\CodeIgniter->handleRequest(null, Object(Config\Cache), false)
 5 FCPATH\index.php(55): CodeIgniter\CodeIgniter->run()
CRITICAL - 2024-07-06 14:15:06 --> Undefined variable: db
in APPPATH\Controllers\Main.php on line 311.
 1 APPPATH\Controllers\Main.php(311): CodeIgniter\Debug\Exceptions->errorHandler(8, 'Undefined variable: db', 'APPPATH\\Controllers\\Main.php', 311, [])
 2 SYSTEMPATH\CodeIgniter.php(900): App\Controllers\Main->employee_add()
 3 SYSTEMPATH\CodeIgniter.php(470): CodeIgniter\CodeIgniter->runController(Object(App\Controllers\Main))
 4 SYSTEMPATH\CodeIgniter.php(353): CodeIgniter\CodeIgniter->handleRequest(null, Object(Config\Cache), false)
 5 FCPATH\index.php(55): CodeIgniter\CodeIgniter->run()
CRITICAL - 2024-07-06 14:15:14 --> Undefined variable: builder
in APPPATH\Controllers\Main.php on line 312.
 1 APPPATH\Controllers\Main.php(312): CodeIgniter\Debug\Exceptions->errorHandler(8, 'Undefined variable: builder', 'APPPATH\\Controllers\\Main.php', 312, [])
 2 SYSTEMPATH\CodeIgniter.php(900): App\Controllers\Main->employee_add()
 3 SYSTEMPATH\CodeIgniter.php(470): CodeIgniter\CodeIgniter->runController(Object(App\Controllers\Main))
 4 SYSTEMPATH\CodeIgniter.php(353): CodeIgniter\CodeIgniter->handleRequest(null, Object(Config\Cache), false)
 5 FCPATH\index.php(55): CodeIgniter\CodeIgniter->run()
