CRITICAL - 2024-07-17 09:47:58 --> Undefined variable: total_res
in APPPATH\Views\layouts\custom_pagination.php on line 43.
 1 APPPATH\Views\layouts\custom_pagination.php(43): CodeIgniter\Debug\Exceptions->errorHandler(8, 'Undefined variable: total_res', 'APPPATH\\Views\\layouts\\custom_pagination.php', 43, [...])
 2 SYSTEMPATH\View\View.php(213): include('APPPATH\\Views\\layouts\\custom_pagination.php')
 3 SYSTEMPATH\View\View.php(216): CodeIgniter\View\View->CodeIgniter\View\{closure}()
 4 SYSTEMPATH\Pager\Pager.php(125): CodeIgniter\View\View->render('App\\Views\\layouts\\custom_pagination')
 5 SYSTEMPATH\Pager\Pager.php(110): CodeIgniter\Pager\Pager->displayLinks('default', 'custom_view')
 6 APPPATH\Views\pages\loans\list.php(126): CodeIgniter\Pager\Pager->makeLinks(1, 10, 11, 'custom_view')
 7 SYSTEMPATH\View\View.php(213): include('APPPATH\\Views\\pages\\loans\\list.php')
 8 SYSTEMPATH\View\View.php(216): CodeIgniter\View\View->CodeIgniter\View\{closure}()
 9 SYSTEMPATH\Common.php(1135): CodeIgniter\View\View->render('pages/loans/list', [], true)
10 APPPATH\Controllers\Main.php(704): view('pages/loans/list', [...])
11 SYSTEMPATH\CodeIgniter.php(900): App\Controllers\Main->loans()
12 SYSTEMPATH\CodeIgniter.php(470): CodeIgniter\CodeIgniter->runController(Object(App\Controllers\Main))
13 SYSTEMPATH\CodeIgniter.php(353): CodeIgniter\CodeIgniter->handleRequest(null, Object(Config\Cache), false)
14 FCPATH\index.php(55): CodeIgniter\CodeIgniter->run()
CRITICAL - 2024-07-17 09:49:19 --> Undefined variable: total_res
in APPPATH\Views\layouts\custom_pagination.php on line 43.
 1 APPPATH\Views\layouts\custom_pagination.php(43): CodeIgniter\Debug\Exceptions->errorHandler(8, 'Undefined variable: total_res', 'APPPATH\\Views\\layouts\\custom_pagination.php', 43, [...])
 2 SYSTEMPATH\View\View.php(213): include('APPPATH\\Views\\layouts\\custom_pagination.php')
 3 SYSTEMPATH\View\View.php(216): CodeIgniter\View\View->CodeIgniter\View\{closure}()
 4 SYSTEMPATH\Pager\Pager.php(125): CodeIgniter\View\View->render('App\\Views\\layouts\\custom_pagination')
 5 SYSTEMPATH\Pager\Pager.php(110): CodeIgniter\Pager\Pager->displayLinks('default', 'custom_view')
 6 APPPATH\Views\pages\loans\list.php(95): CodeIgniter\Pager\Pager->makeLinks(1, 10, 11, 'custom_view')
 7 SYSTEMPATH\View\View.php(213): include('APPPATH\\Views\\pages\\loans\\list.php')
 8 SYSTEMPATH\View\View.php(216): CodeIgniter\View\View->CodeIgniter\View\{closure}()
 9 SYSTEMPATH\Common.php(1135): CodeIgniter\View\View->render('pages/loans/list', [], true)
10 APPPATH\Controllers\Main.php(704): view('pages/loans/list', [...])
11 SYSTEMPATH\CodeIgniter.php(900): App\Controllers\Main->loans()
12 SYSTEMPATH\CodeIgniter.php(470): CodeIgniter\CodeIgniter->runController(Object(App\Controllers\Main))
13 SYSTEMPATH\CodeIgniter.php(353): CodeIgniter\CodeIgniter->handleRequest(null, Object(Config\Cache), false)
14 FCPATH\index.php(55): CodeIgniter\CodeIgniter->run()
CRITICAL - 2024-07-17 10:01:17 --> Undefined variable: loans
in APPPATH\Views\pages\loans\list.php on line 35.
 1 APPPATH\Views\pages\loans\list.php(35): CodeIgniter\Debug\Exceptions->errorHandler(8, 'Undefined variable: loans', 'APPPATH\\Views\\pages\\loans\\list.php', 35, [...])
 2 SYSTEMPATH\View\View.php(213): include('APPPATH\\Views\\pages\\loans\\list.php')
 3 SYSTEMPATH\View\View.php(216): CodeIgniter\View\View->CodeIgniter\View\{closure}()
 4 SYSTEMPATH\Common.php(1135): CodeIgniter\View\View->render('pages/loans/list', [], true)
 5 APPPATH\Controllers\Main.php(723): view('pages/loans/list', [...])
 6 SYSTEMPATH\CodeIgniter.php(900): App\Controllers\Main->addLoan('$1')
 7 SYSTEMPATH\CodeIgniter.php(470): CodeIgniter\CodeIgniter->runController(Object(App\Controllers\Main))
 8 SYSTEMPATH\CodeIgniter.php(353): CodeIgniter\CodeIgniter->handleRequest(null, Object(Config\Cache), false)
 9 FCPATH\index.php(55): CodeIgniter\CodeIgniter->run()
CRITICAL - 2024-07-17 10:01:50 --> Undefined variable: loans
in APPPATH\Views\pages\loans\list.php on line 35.
 1 APPPATH\Views\pages\loans\list.php(35): CodeIgniter\Debug\Exceptions->errorHandler(8, 'Undefined variable: loans', 'APPPATH\\Views\\pages\\loans\\list.php', 35, [...])
 2 SYSTEMPATH\View\View.php(213): include('APPPATH\\Views\\pages\\loans\\list.php')
 3 SYSTEMPATH\View\View.php(216): CodeIgniter\View\View->CodeIgniter\View\{closure}()
 4 SYSTEMPATH\Common.php(1135): CodeIgniter\View\View->render('pages/loans/list', [], true)
 5 APPPATH\Controllers\Main.php(723): view('pages/loans/list', [...])
 6 SYSTEMPATH\CodeIgniter.php(900): App\Controllers\Main->addLoan('$1')
 7 SYSTEMPATH\CodeIgniter.php(470): CodeIgniter\CodeIgniter->runController(Object(App\Controllers\Main))
 8 SYSTEMPATH\CodeIgniter.php(353): CodeIgniter\CodeIgniter->handleRequest(null, Object(Config\Cache), false)
 9 FCPATH\index.php(55): CodeIgniter\CodeIgniter->run()
CRITICAL - 2024-07-17 10:05:37 --> Undefined variable: loans
in APPPATH\Views\pages\loans\list.php on line 35.
 1 APPPATH\Views\pages\loans\list.php(35): CodeIgniter\Debug\Exceptions->errorHandler(8, 'Undefined variable: loans', 'APPPATH\\Views\\pages\\loans\\list.php', 35, [...])
 2 SYSTEMPATH\View\View.php(213): include('APPPATH\\Views\\pages\\loans\\list.php')
 3 SYSTEMPATH\View\View.php(216): CodeIgniter\View\View->CodeIgniter\View\{closure}()
 4 SYSTEMPATH\Common.php(1135): CodeIgniter\View\View->render('pages/loans/list', [], true)
 5 APPPATH\Controllers\Main.php(723): view('pages/loans/list', [...])
 6 SYSTEMPATH\CodeIgniter.php(900): App\Controllers\Main->addLoan('$1')
 7 SYSTEMPATH\CodeIgniter.php(470): CodeIgniter\CodeIgniter->runController(Object(App\Controllers\Main))
 8 SYSTEMPATH\CodeIgniter.php(353): CodeIgniter\CodeIgniter->handleRequest(null, Object(Config\Cache), false)
 9 FCPATH\index.php(55): CodeIgniter\CodeIgniter->run()
CRITICAL - 2024-07-17 10:05:38 --> Undefined variable: loans
in APPPATH\Views\pages\loans\list.php on line 35.
 1 APPPATH\Views\pages\loans\list.php(35): CodeIgniter\Debug\Exceptions->errorHandler(8, 'Undefined variable: loans', 'APPPATH\\Views\\pages\\loans\\list.php', 35, [...])
 2 SYSTEMPATH\View\View.php(213): include('APPPATH\\Views\\pages\\loans\\list.php')
 3 SYSTEMPATH\View\View.php(216): CodeIgniter\View\View->CodeIgniter\View\{closure}()
 4 SYSTEMPATH\Common.php(1135): CodeIgniter\View\View->render('pages/loans/list', [], true)
 5 APPPATH\Controllers\Main.php(723): view('pages/loans/list', [...])
 6 SYSTEMPATH\CodeIgniter.php(900): App\Controllers\Main->addLoan('$1')
 7 SYSTEMPATH\CodeIgniter.php(470): CodeIgniter\CodeIgniter->runController(Object(App\Controllers\Main))
 8 SYSTEMPATH\CodeIgniter.php(353): CodeIgniter\CodeIgniter->handleRequest(null, Object(Config\Cache), false)
 9 FCPATH\index.php(55): CodeIgniter\CodeIgniter->run()
CRITICAL - 2024-07-17 10:05:38 --> Undefined variable: loans
in APPPATH\Views\pages\loans\list.php on line 35.
 1 APPPATH\Views\pages\loans\list.php(35): CodeIgniter\Debug\Exceptions->errorHandler(8, 'Undefined variable: loans', 'APPPATH\\Views\\pages\\loans\\list.php', 35, [...])
 2 SYSTEMPATH\View\View.php(213): include('APPPATH\\Views\\pages\\loans\\list.php')
 3 SYSTEMPATH\View\View.php(216): CodeIgniter\View\View->CodeIgniter\View\{closure}()
 4 SYSTEMPATH\Common.php(1135): CodeIgniter\View\View->render('pages/loans/list', [], true)
 5 APPPATH\Controllers\Main.php(723): view('pages/loans/list', [...])
 6 SYSTEMPATH\CodeIgniter.php(900): App\Controllers\Main->addLoan('$1')
 7 SYSTEMPATH\CodeIgniter.php(470): CodeIgniter\CodeIgniter->runController(Object(App\Controllers\Main))
 8 SYSTEMPATH\CodeIgniter.php(353): CodeIgniter\CodeIgniter->handleRequest(null, Object(Config\Cache), false)
 9 FCPATH\index.php(55): CodeIgniter\CodeIgniter->run()
CRITICAL - 2024-07-17 10:05:38 --> Undefined variable: loans
in APPPATH\Views\pages\loans\list.php on line 35.
 1 APPPATH\Views\pages\loans\list.php(35): CodeIgniter\Debug\Exceptions->errorHandler(8, 'Undefined variable: loans', 'APPPATH\\Views\\pages\\loans\\list.php', 35, [...])
 2 SYSTEMPATH\View\View.php(213): include('APPPATH\\Views\\pages\\loans\\list.php')
 3 SYSTEMPATH\View\View.php(216): CodeIgniter\View\View->CodeIgniter\View\{closure}()
 4 SYSTEMPATH\Common.php(1135): CodeIgniter\View\View->render('pages/loans/list', [], true)
 5 APPPATH\Controllers\Main.php(723): view('pages/loans/list', [...])
 6 SYSTEMPATH\CodeIgniter.php(900): App\Controllers\Main->addLoan('$1')
 7 SYSTEMPATH\CodeIgniter.php(470): CodeIgniter\CodeIgniter->runController(Object(App\Controllers\Main))
 8 SYSTEMPATH\CodeIgniter.php(353): CodeIgniter\CodeIgniter->handleRequest(null, Object(Config\Cache), false)
 9 FCPATH\index.php(55): CodeIgniter\CodeIgniter->run()
CRITICAL - 2024-07-17 10:05:39 --> Undefined variable: loans
in APPPATH\Views\pages\loans\list.php on line 35.
 1 APPPATH\Views\pages\loans\list.php(35): CodeIgniter\Debug\Exceptions->errorHandler(8, 'Undefined variable: loans', 'APPPATH\\Views\\pages\\loans\\list.php', 35, [...])
 2 SYSTEMPATH\View\View.php(213): include('APPPATH\\Views\\pages\\loans\\list.php')
 3 SYSTEMPATH\View\View.php(216): CodeIgniter\View\View->CodeIgniter\View\{closure}()
 4 SYSTEMPATH\Common.php(1135): CodeIgniter\View\View->render('pages/loans/list', [], true)
 5 APPPATH\Controllers\Main.php(723): view('pages/loans/list', [...])
 6 SYSTEMPATH\CodeIgniter.php(900): App\Controllers\Main->addLoan('$1')
 7 SYSTEMPATH\CodeIgniter.php(470): CodeIgniter\CodeIgniter->runController(Object(App\Controllers\Main))
 8 SYSTEMPATH\CodeIgniter.php(353): CodeIgniter\CodeIgniter->handleRequest(null, Object(Config\Cache), false)
 9 FCPATH\index.php(55): CodeIgniter\CodeIgniter->run()
CRITICAL - 2024-07-17 10:05:39 --> Undefined variable: loans
in APPPATH\Views\pages\loans\list.php on line 35.
 1 APPPATH\Views\pages\loans\list.php(35): CodeIgniter\Debug\Exceptions->errorHandler(8, 'Undefined variable: loans', 'APPPATH\\Views\\pages\\loans\\list.php', 35, [...])
 2 SYSTEMPATH\View\View.php(213): include('APPPATH\\Views\\pages\\loans\\list.php')
 3 SYSTEMPATH\View\View.php(216): CodeIgniter\View\View->CodeIgniter\View\{closure}()
 4 SYSTEMPATH\Common.php(1135): CodeIgniter\View\View->render('pages/loans/list', [], true)
 5 APPPATH\Controllers\Main.php(723): view('pages/loans/list', [...])
 6 SYSTEMPATH\CodeIgniter.php(900): App\Controllers\Main->addLoan('$1')
 7 SYSTEMPATH\CodeIgniter.php(470): CodeIgniter\CodeIgniter->runController(Object(App\Controllers\Main))
 8 SYSTEMPATH\CodeIgniter.php(353): CodeIgniter\CodeIgniter->handleRequest(null, Object(Config\Cache), false)
 9 FCPATH\index.php(55): CodeIgniter\CodeIgniter->run()
CRITICAL - 2024-07-17 10:06:39 --> Undefined variable: loans
in APPPATH\Views\pages\loans\list.php on line 35.
 1 APPPATH\Views\pages\loans\list.php(35): CodeIgniter\Debug\Exceptions->errorHandler(8, 'Undefined variable: loans', 'APPPATH\\Views\\pages\\loans\\list.php', 35, [...])
 2 SYSTEMPATH\View\View.php(213): include('APPPATH\\Views\\pages\\loans\\list.php')
 3 SYSTEMPATH\View\View.php(216): CodeIgniter\View\View->CodeIgniter\View\{closure}()
 4 SYSTEMPATH\Common.php(1135): CodeIgniter\View\View->render('pages/loans/list', [], true)
 5 APPPATH\Controllers\Main.php(723): view('pages/loans/list', [...])
 6 SYSTEMPATH\CodeIgniter.php(900): App\Controllers\Main->addLoan('$1')
 7 SYSTEMPATH\CodeIgniter.php(470): CodeIgniter\CodeIgniter->runController(Object(App\Controllers\Main))
 8 SYSTEMPATH\CodeIgniter.php(353): CodeIgniter\CodeIgniter->handleRequest(null, Object(Config\Cache), false)
 9 FCPATH\index.php(55): CodeIgniter\CodeIgniter->run()
CRITICAL - 2024-07-17 11:04:45 --> Invalid argument supplied for foreach()
in APPPATH\Views\pages\loans\list.php on line 50.
 1 APPPATH\Views\pages\loans\list.php(50): CodeIgniter\Debug\Exceptions->errorHandler(2, 'Invalid argument supplied for foreach()', 'APPPATH\\Views\\pages\\loans\\list.php', 50, [...])
 2 SYSTEMPATH\View\View.php(213): include('APPPATH\\Views\\pages\\loans\\list.php')
 3 SYSTEMPATH\View\View.php(216): CodeIgniter\View\View->CodeIgniter\View\{closure}()
 4 SYSTEMPATH\Common.php(1135): CodeIgniter\View\View->render('pages/loans/list', [], true)
 5 APPPATH\Controllers\Main.php(704): view('pages/loans/list', [...])
 6 SYSTEMPATH\CodeIgniter.php(900): App\Controllers\Main->loans()
 7 SYSTEMPATH\CodeIgniter.php(470): CodeIgniter\CodeIgniter->runController(Object(App\Controllers\Main))
 8 SYSTEMPATH\CodeIgniter.php(353): CodeIgniter\CodeIgniter->handleRequest(null, Object(Config\Cache), false)
 9 FCPATH\index.php(55): CodeIgniter\CodeIgniter->run()
CRITICAL - 2024-07-17 11:07:11 --> Invalid argument supplied for foreach()
in APPPATH\Views\pages\loans\list.php on line 52.
 1 APPPATH\Views\pages\loans\list.php(52): CodeIgniter\Debug\Exceptions->errorHandler(2, 'Invalid argument supplied for foreach()', 'APPPATH\\Views\\pages\\loans\\list.php', 52, [...])
 2 SYSTEMPATH\View\View.php(213): include('APPPATH\\Views\\pages\\loans\\list.php')
 3 SYSTEMPATH\View\View.php(216): CodeIgniter\View\View->CodeIgniter\View\{closure}()
 4 SYSTEMPATH\Common.php(1135): CodeIgniter\View\View->render('pages/loans/list', [], true)
 5 APPPATH\Controllers\Main.php(704): view('pages/loans/list', [...])
 6 SYSTEMPATH\CodeIgniter.php(900): App\Controllers\Main->loans()
 7 SYSTEMPATH\CodeIgniter.php(470): CodeIgniter\CodeIgniter->runController(Object(App\Controllers\Main))
 8 SYSTEMPATH\CodeIgniter.php(353): CodeIgniter\CodeIgniter->handleRequest(null, Object(Config\Cache), false)
 9 FCPATH\index.php(55): CodeIgniter\CodeIgniter->run()
CRITICAL - 2024-07-17 11:07:15 --> Invalid argument supplied for foreach()
in APPPATH\Views\pages\loans\list.php on line 52.
 1 APPPATH\Views\pages\loans\list.php(52): CodeIgniter\Debug\Exceptions->errorHandler(2, 'Invalid argument supplied for foreach()', 'APPPATH\\Views\\pages\\loans\\list.php', 52, [...])
 2 SYSTEMPATH\View\View.php(213): include('APPPATH\\Views\\pages\\loans\\list.php')
 3 SYSTEMPATH\View\View.php(216): CodeIgniter\View\View->CodeIgniter\View\{closure}()
 4 SYSTEMPATH\Common.php(1135): CodeIgniter\View\View->render('pages/loans/list', [], true)
 5 APPPATH\Controllers\Main.php(704): view('pages/loans/list', [...])
 6 SYSTEMPATH\CodeIgniter.php(900): App\Controllers\Main->loans()
 7 SYSTEMPATH\CodeIgniter.php(470): CodeIgniter\CodeIgniter->runController(Object(App\Controllers\Main))
 8 SYSTEMPATH\CodeIgniter.php(353): CodeIgniter\CodeIgniter->handleRequest(null, Object(Config\Cache), false)
 9 FCPATH\index.php(55): CodeIgniter\CodeIgniter->run()
CRITICAL - 2024-07-17 11:07:31 --> Invalid argument supplied for foreach()
in APPPATH\Views\pages\loans\list.php on line 52.
 1 APPPATH\Views\pages\loans\list.php(52): CodeIgniter\Debug\Exceptions->errorHandler(2, 'Invalid argument supplied for foreach()', 'APPPATH\\Views\\pages\\loans\\list.php', 52, [...])
 2 SYSTEMPATH\View\View.php(213): include('APPPATH\\Views\\pages\\loans\\list.php')
 3 SYSTEMPATH\View\View.php(216): CodeIgniter\View\View->CodeIgniter\View\{closure}()
 4 SYSTEMPATH\Common.php(1135): CodeIgniter\View\View->render('pages/loans/list', [], true)
 5 APPPATH\Controllers\Main.php(704): view('pages/loans/list', [...])
 6 SYSTEMPATH\CodeIgniter.php(900): App\Controllers\Main->loans()
 7 SYSTEMPATH\CodeIgniter.php(470): CodeIgniter\CodeIgniter->runController(Object(App\Controllers\Main))
 8 SYSTEMPATH\CodeIgniter.php(353): CodeIgniter\CodeIgniter->handleRequest(null, Object(Config\Cache), false)
 9 FCPATH\index.php(55): CodeIgniter\CodeIgniter->run()
CRITICAL - 2024-07-17 11:18:47 --> Undefined variable: total_res
in APPPATH\Views\layouts\custom_pagination.php on line 43.
 1 APPPATH\Views\layouts\custom_pagination.php(43): CodeIgniter\Debug\Exceptions->errorHandler(8, 'Undefined variable: total_res', 'APPPATH\\Views\\layouts\\custom_pagination.php', 43, [...])
 2 SYSTEMPATH\View\View.php(213): include('APPPATH\\Views\\layouts\\custom_pagination.php')
 3 SYSTEMPATH\View\View.php(216): CodeIgniter\View\View->CodeIgniter\View\{closure}()
 4 SYSTEMPATH\Pager\Pager.php(125): CodeIgniter\View\View->render('App\\Views\\layouts\\custom_pagination')
 5 SYSTEMPATH\Pager\Pager.php(110): CodeIgniter\Pager\Pager->displayLinks('default', 'custom_view')
 6 APPPATH\Views\pages\loans\list.php(49): CodeIgniter\Pager\Pager->makeLinks(1, 10, 23, 'custom_view')
 7 SYSTEMPATH\View\View.php(213): include('APPPATH\\Views\\pages\\loans\\list.php')
 8 SYSTEMPATH\View\View.php(216): CodeIgniter\View\View->CodeIgniter\View\{closure}()
 9 SYSTEMPATH\Common.php(1135): CodeIgniter\View\View->render('pages/loans/list', [], true)
10 APPPATH\Controllers\Main.php(704): view('pages/loans/list', [...])
11 SYSTEMPATH\CodeIgniter.php(900): App\Controllers\Main->loans()
12 SYSTEMPATH\CodeIgniter.php(470): CodeIgniter\CodeIgniter->runController(Object(App\Controllers\Main))
13 SYSTEMPATH\CodeIgniter.php(353): CodeIgniter\CodeIgniter->handleRequest(null, Object(Config\Cache), false)
14 FCPATH\index.php(55): CodeIgniter\CodeIgniter->run()
CRITICAL - 2024-07-17 11:19:48 --> Argument 3 passed to CodeIgniter\Pager\Pager::makeLinks() must be of the type int, string given, called in C:\xampp74\htdocs\ci4_payroll\app\Views\pages\loans\list.php on line 49
in SYSTEMPATH\Pager\Pager.php on line 104.
 1 APPPATH\Views\pages\loans\list.php(49): CodeIgniter\Pager\Pager->makeLinks(1, 10, 'custom_view')
 2 SYSTEMPATH\View\View.php(213): include('APPPATH\\Views\\pages\\loans\\list.php')
 3 SYSTEMPATH\View\View.php(216): CodeIgniter\View\View->CodeIgniter\View\{closure}()
 4 SYSTEMPATH\Common.php(1135): CodeIgniter\View\View->render('pages/loans/list', [], true)
 5 APPPATH\Controllers\Main.php(704): view('pages/loans/list', [...])
 6 SYSTEMPATH\CodeIgniter.php(900): App\Controllers\Main->loans()
 7 SYSTEMPATH\CodeIgniter.php(470): CodeIgniter\CodeIgniter->runController(Object(App\Controllers\Main))
 8 SYSTEMPATH\CodeIgniter.php(353): CodeIgniter\CodeIgniter->handleRequest(null, Object(Config\Cache), false)
 9 FCPATH\index.php(55): CodeIgniter\CodeIgniter->run()
CRITICAL - 2024-07-17 11:20:10 --> Argument 2 passed to CodeIgniter\Pager\Pager::makeLinks() must be of the type int or null, string given, called in C:\xampp74\htdocs\ci4_payroll\app\Views\pages\loans\list.php on line 49
in SYSTEMPATH\Pager\Pager.php on line 104.
 1 APPPATH\Views\pages\loans\list.php(49): CodeIgniter\Pager\Pager->makeLinks(1, 'custom_view')
 2 SYSTEMPATH\View\View.php(213): include('APPPATH\\Views\\pages\\loans\\list.php')
 3 SYSTEMPATH\View\View.php(216): CodeIgniter\View\View->CodeIgniter\View\{closure}()
 4 SYSTEMPATH\Common.php(1135): CodeIgniter\View\View->render('pages/loans/list', [], true)
 5 APPPATH\Controllers\Main.php(704): view('pages/loans/list', [...])
 6 SYSTEMPATH\CodeIgniter.php(900): App\Controllers\Main->loans()
 7 SYSTEMPATH\CodeIgniter.php(470): CodeIgniter\CodeIgniter->runController(Object(App\Controllers\Main))
 8 SYSTEMPATH\CodeIgniter.php(353): CodeIgniter\CodeIgniter->handleRequest(null, Object(Config\Cache), false)
 9 FCPATH\index.php(55): CodeIgniter\CodeIgniter->run()
CRITICAL - 2024-07-17 11:21:59 --> Argument 2 passed to CodeIgniter\Pager\Pager::makeLinks() must be of the type int or null, string given, called in C:\xampp74\htdocs\ci4_payroll\app\Views\pages\loans\list.php on line 49
in SYSTEMPATH\Pager\Pager.php on line 104.
 1 APPPATH\Views\pages\loans\list.php(49): CodeIgniter\Pager\Pager->makeLinks(10, 'custom_view')
 2 SYSTEMPATH\View\View.php(213): include('APPPATH\\Views\\pages\\loans\\list.php')
 3 SYSTEMPATH\View\View.php(216): CodeIgniter\View\View->CodeIgniter\View\{closure}()
 4 SYSTEMPATH\Common.php(1135): CodeIgniter\View\View->render('pages/loans/list', [], true)
 5 APPPATH\Controllers\Main.php(704): view('pages/loans/list', [...])
 6 SYSTEMPATH\CodeIgniter.php(900): App\Controllers\Main->loans()
 7 SYSTEMPATH\CodeIgniter.php(470): CodeIgniter\CodeIgniter->runController(Object(App\Controllers\Main))
 8 SYSTEMPATH\CodeIgniter.php(353): CodeIgniter\CodeIgniter->handleRequest(null, Object(Config\Cache), false)
 9 FCPATH\index.php(55): CodeIgniter\CodeIgniter->run()
CRITICAL - 2024-07-17 11:22:09 --> Argument 3 passed to CodeIgniter\Pager\Pager::makeLinks() must be of the type int, string given, called in C:\xampp74\htdocs\ci4_payroll\app\Views\pages\loans\list.php on line 49
in SYSTEMPATH\Pager\Pager.php on line 104.
 1 APPPATH\Views\pages\loans\list.php(49): CodeIgniter\Pager\Pager->makeLinks(1, 10, 'custom_view')
 2 SYSTEMPATH\View\View.php(213): include('APPPATH\\Views\\pages\\loans\\list.php')
 3 SYSTEMPATH\View\View.php(216): CodeIgniter\View\View->CodeIgniter\View\{closure}()
 4 SYSTEMPATH\Common.php(1135): CodeIgniter\View\View->render('pages/loans/list', [], true)
 5 APPPATH\Controllers\Main.php(704): view('pages/loans/list', [...])
 6 SYSTEMPATH\CodeIgniter.php(900): App\Controllers\Main->loans()
 7 SYSTEMPATH\CodeIgniter.php(470): CodeIgniter\CodeIgniter->runController(Object(App\Controllers\Main))
 8 SYSTEMPATH\CodeIgniter.php(353): CodeIgniter\CodeIgniter->handleRequest(null, Object(Config\Cache), false)
 9 FCPATH\index.php(55): CodeIgniter\CodeIgniter->run()
CRITICAL - 2024-07-17 11:22:38 --> Undefined variable: total_res
in APPPATH\Views\layouts\custom_pagination.php on line 43.
 1 APPPATH\Views\layouts\custom_pagination.php(43): CodeIgniter\Debug\Exceptions->errorHandler(8, 'Undefined variable: total_res', 'APPPATH\\Views\\layouts\\custom_pagination.php', 43, [...])
 2 SYSTEMPATH\View\View.php(213): include('APPPATH\\Views\\layouts\\custom_pagination.php')
 3 SYSTEMPATH\View\View.php(216): CodeIgniter\View\View->CodeIgniter\View\{closure}()
 4 SYSTEMPATH\Pager\Pager.php(125): CodeIgniter\View\View->render('App\\Views\\layouts\\custom_pagination')
 5 SYSTEMPATH\Pager\Pager.php(110): CodeIgniter\Pager\Pager->displayLinks('default', 'custom_view')
 6 APPPATH\Views\pages\loans\list.php(49): CodeIgniter\Pager\Pager->makeLinks(1, 10, 23, 'custom_view')
 7 SYSTEMPATH\View\View.php(213): include('APPPATH\\Views\\pages\\loans\\list.php')
 8 SYSTEMPATH\View\View.php(216): CodeIgniter\View\View->CodeIgniter\View\{closure}()
 9 SYSTEMPATH\Common.php(1135): CodeIgniter\View\View->render('pages/loans/list', [], true)
10 APPPATH\Controllers\Main.php(704): view('pages/loans/list', [...])
11 SYSTEMPATH\CodeIgniter.php(900): App\Controllers\Main->loans()
12 SYSTEMPATH\CodeIgniter.php(470): CodeIgniter\CodeIgniter->runController(Object(App\Controllers\Main))
13 SYSTEMPATH\CodeIgniter.php(353): CodeIgniter\CodeIgniter->handleRequest(null, Object(Config\Cache), false)
14 FCPATH\index.php(55): CodeIgniter\CodeIgniter->run()
CRITICAL - 2024-07-17 11:46:04 --> custom_pagination is not a valid Pager template.
in SYSTEMPATH\Pager\Pager.php on line 120.
 1 SYSTEMPATH\Pager\Pager.php(120): CodeIgniter\Pager\Exceptions\PagerException::forInvalidTemplate('custom_pagination')
 2 SYSTEMPATH\Pager\Pager.php(110): CodeIgniter\Pager\Pager->displayLinks('default', 'custom_pagination')
 3 APPPATH\Views\pages\loans\list.php(49): CodeIgniter\Pager\Pager->makeLinks(1, 10, 23, 'custom_pagination')
 4 SYSTEMPATH\View\View.php(213): include('APPPATH\\Views\\pages\\loans\\list.php')
 5 SYSTEMPATH\View\View.php(216): CodeIgniter\View\View->CodeIgniter\View\{closure}()
 6 SYSTEMPATH\Common.php(1135): CodeIgniter\View\View->render('pages/loans/list', [], true)
 7 APPPATH\Controllers\Main.php(704): view('pages/loans/list', [...])
 8 SYSTEMPATH\CodeIgniter.php(900): App\Controllers\Main->loans()
 9 SYSTEMPATH\CodeIgniter.php(470): CodeIgniter\CodeIgniter->runController(Object(App\Controllers\Main))
10 SYSTEMPATH\CodeIgniter.php(353): CodeIgniter\CodeIgniter->handleRequest(null, Object(Config\Cache), false)
11 FCPATH\index.php(55): CodeIgniter\CodeIgniter->run()
CRITICAL - 2024-07-17 11:59:38 --> Call to undefined method CodeIgniter\Pager\Pager::setSurroundCount()
in APPPATH\Views\layouts\custom_pagination.php on line 2.
 1 SYSTEMPATH\View\View.php(213): include()
 2 SYSTEMPATH\View\View.php(216): CodeIgniter\View\View->CodeIgniter\View\{closure}()
 3 SYSTEMPATH\View\View.php(429): CodeIgniter\View\View->render('layouts/custom_pagination', null, true)
 4 APPPATH\Views\pages\loans\list.php(49): CodeIgniter\View\View->include('layouts/custom_pagination')
 5 SYSTEMPATH\View\View.php(213): include('APPPATH\\Views\\pages\\loans\\list.php')
 6 SYSTEMPATH\View\View.php(216): CodeIgniter\View\View->CodeIgniter\View\{closure}()
 7 SYSTEMPATH\Common.php(1135): CodeIgniter\View\View->render('pages/loans/list', [], true)
 8 APPPATH\Controllers\Main.php(704): view('pages/loans/list', [...])
 9 SYSTEMPATH\CodeIgniter.php(900): App\Controllers\Main->loans()
10 SYSTEMPATH\CodeIgniter.php(470): CodeIgniter\CodeIgniter->runController(Object(App\Controllers\Main))
11 SYSTEMPATH\CodeIgniter.php(353): CodeIgniter\CodeIgniter->handleRequest(null, Object(Config\Cache), false)
12 FCPATH\index.php(55): CodeIgniter\CodeIgniter->run()
CRITICAL - 2024-07-17 13:23:33 --> Undefined variable: perPage
in APPPATH\Controllers\Main.php on line 695.
 1 APPPATH\Controllers\Main.php(695): CodeIgniter\Debug\Exceptions->errorHandler(8, 'Undefined variable: perPage', 'APPPATH\\Controllers\\Main.php', 695, [])
 2 SYSTEMPATH\CodeIgniter.php(900): App\Controllers\Main->loans()
 3 SYSTEMPATH\CodeIgniter.php(470): CodeIgniter\CodeIgniter->runController(Object(App\Controllers\Main))
 4 SYSTEMPATH\CodeIgniter.php(353): CodeIgniter\CodeIgniter->handleRequest(null, Object(Config\Cache), false)
 5 FCPATH\index.php(55): CodeIgniter\CodeIgniter->run()
CRITICAL - 2024-07-17 13:23:34 --> Undefined variable: perPage
in APPPATH\Controllers\Main.php on line 695.
 1 APPPATH\Controllers\Main.php(695): CodeIgniter\Debug\Exceptions->errorHandler(8, 'Undefined variable: perPage', 'APPPATH\\Controllers\\Main.php', 695, [])
 2 SYSTEMPATH\CodeIgniter.php(900): App\Controllers\Main->loans()
 3 SYSTEMPATH\CodeIgniter.php(470): CodeIgniter\CodeIgniter->runController(Object(App\Controllers\Main))
 4 SYSTEMPATH\CodeIgniter.php(353): CodeIgniter\CodeIgniter->handleRequest(null, Object(Config\Cache), false)
 5 FCPATH\index.php(55): CodeIgniter\CodeIgniter->run()
CRITICAL - 2024-07-17 13:23:38 --> Undefined variable: perPage
in APPPATH\Controllers\Main.php on line 695.
 1 APPPATH\Controllers\Main.php(695): CodeIgniter\Debug\Exceptions->errorHandler(8, 'Undefined variable: perPage', 'APPPATH\\Controllers\\Main.php', 695, [])
 2 SYSTEMPATH\CodeIgniter.php(900): App\Controllers\Main->loans()
 3 SYSTEMPATH\CodeIgniter.php(470): CodeIgniter\CodeIgniter->runController(Object(App\Controllers\Main))
 4 SYSTEMPATH\CodeIgniter.php(353): CodeIgniter\CodeIgniter->handleRequest(null, Object(Config\Cache), false)
 5 FCPATH\index.php(55): CodeIgniter\CodeIgniter->run()
CRITICAL - 2024-07-17 13:24:26 --> custom_pagination is not a valid Pager template.
in SYSTEMPATH\Pager\Pager.php on line 120.
 1 SYSTEMPATH\Pager\Pager.php(120): CodeIgniter\Pager\Exceptions\PagerException::forInvalidTemplate('custom_pagination')
 2 SYSTEMPATH\Pager\Pager.php(83): CodeIgniter\Pager\Pager->displayLinks('default', 'custom_pagination')
 3 APPPATH\Views\pages\loans\list.php(49): CodeIgniter\Pager\Pager->links('default', 'custom_pagination')
 4 SYSTEMPATH\View\View.php(213): include('APPPATH\\Views\\pages\\loans\\list.php')
 5 SYSTEMPATH\View\View.php(216): CodeIgniter\View\View->CodeIgniter\View\{closure}()
 6 SYSTEMPATH\Common.php(1135): CodeIgniter\View\View->render('pages/loans/list', [], true)
 7 APPPATH\Controllers\Main.php(705): view('pages/loans/list', [...])
 8 SYSTEMPATH\CodeIgniter.php(900): App\Controllers\Main->loans()
 9 SYSTEMPATH\CodeIgniter.php(470): CodeIgniter\CodeIgniter->runController(Object(App\Controllers\Main))
10 SYSTEMPATH\CodeIgniter.php(353): CodeIgniter\CodeIgniter->handleRequest(null, Object(Config\Cache), false)
11 FCPATH\index.php(55): CodeIgniter\CodeIgniter->run()
CRITICAL - 2024-07-17 13:28:46 --> custom_pagination is not a valid Pager template.
in SYSTEMPATH\Pager\Pager.php on line 120.
 1 SYSTEMPATH\Pager\Pager.php(120): CodeIgniter\Pager\Exceptions\PagerException::forInvalidTemplate('custom_pagination')
 2 SYSTEMPATH\Pager\Pager.php(83): CodeIgniter\Pager\Pager->displayLinks('default', 'custom_pagination')
 3 APPPATH\Views\pages\loans\list.php(49): CodeIgniter\Pager\Pager->links('default', 'custom_pagination')
 4 SYSTEMPATH\View\View.php(213): include('APPPATH\\Views\\pages\\loans\\list.php')
 5 SYSTEMPATH\View\View.php(216): CodeIgniter\View\View->CodeIgniter\View\{closure}()
 6 SYSTEMPATH\Common.php(1135): CodeIgniter\View\View->render('pages/loans/list', [], true)
 7 APPPATH\Controllers\Main.php(704): view('pages/loans/list', [...])
 8 SYSTEMPATH\CodeIgniter.php(900): App\Controllers\Main->loans()
 9 SYSTEMPATH\CodeIgniter.php(470): CodeIgniter\CodeIgniter->runController(Object(App\Controllers\Main))
10 SYSTEMPATH\CodeIgniter.php(353): CodeIgniter\CodeIgniter->handleRequest(null, Object(Config\Cache), false)
11 FCPATH\index.php(55): CodeIgniter\CodeIgniter->run()
CRITICAL - 2024-07-17 15:13:59 --> Undefined variable: session
in APPPATH\Views\layouts\main.php on line 100.
 1 APPPATH\Views\layouts\main.php(100): CodeIgniter\Debug\Exceptions->errorHandler(8, 'Undefined variable: session', 'APPPATH\\Views\\layouts\\main.php', 100, [...])
 2 SYSTEMPATH\View\View.php(213): include('APPPATH\\Views\\layouts\\main.php')
 3 SYSTEMPATH\View\View.php(216): CodeIgniter\View\View->CodeIgniter\View\{closure}()
 4 SYSTEMPATH\View\View.php(229): CodeIgniter\View\View->render('layouts/main', [], true)
 5 SYSTEMPATH\Common.php(1135): CodeIgniter\View\View->render('pages/loans/list', [], true)
 6 APPPATH\Controllers\Main.php(711): view('pages/loans/list', [...])
 7 SYSTEMPATH\CodeIgniter.php(900): App\Controllers\Main->loans()
 8 SYSTEMPATH\CodeIgniter.php(470): CodeIgniter\CodeIgniter->runController(Object(App\Controllers\Main))
 9 SYSTEMPATH\CodeIgniter.php(353): CodeIgniter\CodeIgniter->handleRequest(null, Object(Config\Cache), false)
10 FCPATH\index.php(55): CodeIgniter\CodeIgniter->run()
CRITICAL - 2024-07-17 15:18:44 --> Undefined variable: session
in APPPATH\Views\layouts\main.php on line 100.
 1 APPPATH\Views\layouts\main.php(100): CodeIgniter\Debug\Exceptions->errorHandler(8, 'Undefined variable: session', 'APPPATH\\Views\\layouts\\main.php', 100, [...])
 2 SYSTEMPATH\View\View.php(213): include('APPPATH\\Views\\layouts\\main.php')
 3 SYSTEMPATH\View\View.php(216): CodeIgniter\View\View->CodeIgniter\View\{closure}()
 4 SYSTEMPATH\View\View.php(229): CodeIgniter\View\View->render('layouts/main', [], true)
 5 SYSTEMPATH\Common.php(1135): CodeIgniter\View\View->render('pages/loans/list', [], true)
 6 APPPATH\Controllers\Main.php(711): view('pages/loans/list', [...])
 7 SYSTEMPATH\CodeIgniter.php(900): App\Controllers\Main->loans()
 8 SYSTEMPATH\CodeIgniter.php(470): CodeIgniter\CodeIgniter->runController(Object(App\Controllers\Main))
 9 SYSTEMPATH\CodeIgniter.php(353): CodeIgniter\CodeIgniter->handleRequest(null, Object(Config\Cache), false)
10 FCPATH\index.php(55): CodeIgniter\CodeIgniter->run()
CRITICAL - 2024-07-17 15:19:44 --> Undefined variable: session
in APPPATH\Views\layouts\main.php on line 100.
 1 APPPATH\Views\layouts\main.php(100): CodeIgniter\Debug\Exceptions->errorHandler(8, 'Undefined variable: session', 'APPPATH\\Views\\layouts\\main.php', 100, [...])
 2 SYSTEMPATH\View\View.php(213): include('APPPATH\\Views\\layouts\\main.php')
 3 SYSTEMPATH\View\View.php(216): CodeIgniter\View\View->CodeIgniter\View\{closure}()
 4 SYSTEMPATH\View\View.php(229): CodeIgniter\View\View->render('layouts/main', [], true)
 5 SYSTEMPATH\Common.php(1135): CodeIgniter\View\View->render('pages/loans/list', [], true)
 6 APPPATH\Controllers\Main.php(711): view('pages/loans/list', [...])
 7 SYSTEMPATH\CodeIgniter.php(900): App\Controllers\Main->loans()
 8 SYSTEMPATH\CodeIgniter.php(470): CodeIgniter\CodeIgniter->runController(Object(App\Controllers\Main))
 9 SYSTEMPATH\CodeIgniter.php(353): CodeIgniter\CodeIgniter->handleRequest(null, Object(Config\Cache), false)
10 FCPATH\index.php(55): CodeIgniter\CodeIgniter->run()
CRITICAL - 2024-07-17 15:19:46 --> Undefined variable: session
in APPPATH\Views\layouts\main.php on line 100.
 1 APPPATH\Views\layouts\main.php(100): CodeIgniter\Debug\Exceptions->errorHandler(8, 'Undefined variable: session', 'APPPATH\\Views\\layouts\\main.php', 100, [...])
 2 SYSTEMPATH\View\View.php(213): include('APPPATH\\Views\\layouts\\main.php')
 3 SYSTEMPATH\View\View.php(216): CodeIgniter\View\View->CodeIgniter\View\{closure}()
 4 SYSTEMPATH\View\View.php(229): CodeIgniter\View\View->render('layouts/main', [], true)
 5 SYSTEMPATH\Common.php(1135): CodeIgniter\View\View->render('pages/loans/list', [], true)
 6 APPPATH\Controllers\Main.php(711): view('pages/loans/list', [...])
 7 SYSTEMPATH\CodeIgniter.php(900): App\Controllers\Main->loans()
 8 SYSTEMPATH\CodeIgniter.php(470): CodeIgniter\CodeIgniter->runController(Object(App\Controllers\Main))
 9 SYSTEMPATH\CodeIgniter.php(353): CodeIgniter\CodeIgniter->handleRequest(null, Object(Config\Cache), false)
10 FCPATH\index.php(55): CodeIgniter\CodeIgniter->run()
CRITICAL - 2024-07-17 15:19:49 --> Undefined variable: session
in APPPATH\Views\layouts\main.php on line 100.
 1 APPPATH\Views\layouts\main.php(100): CodeIgniter\Debug\Exceptions->errorHandler(8, 'Undefined variable: session', 'APPPATH\\Views\\layouts\\main.php', 100, [...])
 2 SYSTEMPATH\View\View.php(213): include('APPPATH\\Views\\layouts\\main.php')
 3 SYSTEMPATH\View\View.php(216): CodeIgniter\View\View->CodeIgniter\View\{closure}()
 4 SYSTEMPATH\View\View.php(229): CodeIgniter\View\View->render('layouts/main', [], true)
 5 SYSTEMPATH\Common.php(1135): CodeIgniter\View\View->render('pages/loans/list', [], true)
 6 APPPATH\Controllers\Main.php(711): view('pages/loans/list', [...])
 7 SYSTEMPATH\CodeIgniter.php(900): App\Controllers\Main->loans()
 8 SYSTEMPATH\CodeIgniter.php(470): CodeIgniter\CodeIgniter->runController(Object(App\Controllers\Main))
 9 SYSTEMPATH\CodeIgniter.php(353): CodeIgniter\CodeIgniter->handleRequest(null, Object(Config\Cache), false)
10 FCPATH\index.php(55): CodeIgniter\CodeIgniter->run()
CRITICAL - 2024-07-17 15:23:54 --> Undefined variable: session
in APPPATH\Views\layouts\main.php on line 100.
 1 APPPATH\Views\layouts\main.php(100): CodeIgniter\Debug\Exceptions->errorHandler(8, 'Undefined variable: session', 'APPPATH\\Views\\layouts\\main.php', 100, [...])
 2 SYSTEMPATH\View\View.php(213): include('APPPATH\\Views\\layouts\\main.php')
 3 SYSTEMPATH\View\View.php(216): CodeIgniter\View\View->CodeIgniter\View\{closure}()
 4 SYSTEMPATH\View\View.php(229): CodeIgniter\View\View->render('layouts/main', [], true)
 5 SYSTEMPATH\Common.php(1135): CodeIgniter\View\View->render('pages/loans/list', [], true)
 6 APPPATH\Controllers\Main.php(723): view('pages/loans/list', [...])
 7 SYSTEMPATH\CodeIgniter.php(900): App\Controllers\Main->loans()
 8 SYSTEMPATH\CodeIgniter.php(470): CodeIgniter\CodeIgniter->runController(Object(App\Controllers\Main))
 9 SYSTEMPATH\CodeIgniter.php(353): CodeIgniter\CodeIgniter->handleRequest(null, Object(Config\Cache), false)
10 FCPATH\index.php(55): CodeIgniter\CodeIgniter->run()
CRITICAL - 2024-07-17 15:36:50 --> Undefined variable: total_res
in APPPATH\Views\layouts\custom_pagination.php on line 44.
 1 APPPATH\Views\layouts\custom_pagination.php(44): CodeIgniter\Debug\Exceptions->errorHandler(8, 'Undefined variable: total_res', 'APPPATH\\Views\\layouts\\custom_pagination.php', 44, [...])
 2 SYSTEMPATH\View\View.php(213): include('APPPATH\\Views\\layouts\\custom_pagination.php')
 3 SYSTEMPATH\View\View.php(216): CodeIgniter\View\View->CodeIgniter\View\{closure}()
 4 SYSTEMPATH\Pager\Pager.php(125): CodeIgniter\View\View->render('App\\Views\\layouts\\custom_pagination')
 5 SYSTEMPATH\Pager\Pager.php(110): CodeIgniter\Pager\Pager->displayLinks('default', 'custom_view')
 6 APPPATH\Views\pages\loans\list.php(48): CodeIgniter\Pager\Pager->makeLinks(1, 10, 23, 'custom_view')
 7 SYSTEMPATH\View\View.php(213): include('APPPATH\\Views\\pages\\loans\\list.php')
 8 SYSTEMPATH\View\View.php(216): CodeIgniter\View\View->CodeIgniter\View\{closure}()
 9 SYSTEMPATH\Common.php(1135): CodeIgniter\View\View->render('pages/loans/list', [], true)
10 APPPATH\Controllers\Main.php(704): view('pages/loans/list', [...])
11 SYSTEMPATH\CodeIgniter.php(900): App\Controllers\Main->loans()
12 SYSTEMPATH\CodeIgniter.php(470): CodeIgniter\CodeIgniter->runController(Object(App\Controllers\Main))
13 SYSTEMPATH\CodeIgniter.php(353): CodeIgniter\CodeIgniter->handleRequest(null, Object(Config\Cache), false)
14 FCPATH\index.php(55): CodeIgniter\CodeIgniter->run()
CRITICAL - 2024-07-17 16:24:19 --> Undefined variable: pager
in APPPATH\Views\pages\loans\list.php on line 48.
 1 APPPATH\Views\pages\loans\list.php(48): CodeIgniter\Debug\Exceptions->errorHandler(8, 'Undefined variable: pager', 'APPPATH\\Views\\pages\\loans\\list.php', 48, [...])
 2 SYSTEMPATH\View\View.php(213): include('APPPATH\\Views\\pages\\loans\\list.php')
 3 SYSTEMPATH\View\View.php(216): CodeIgniter\View\View->CodeIgniter\View\{closure}()
 4 SYSTEMPATH\Common.php(1135): CodeIgniter\View\View->render('pages/loans/list', [], true)
 5 APPPATH\Controllers\Main.php(702): view('pages/loans/list', [...])
 6 SYSTEMPATH\CodeIgniter.php(900): App\Controllers\Main->loans()
 7 SYSTEMPATH\CodeIgniter.php(470): CodeIgniter\CodeIgniter->runController(Object(App\Controllers\Main))
 8 SYSTEMPATH\CodeIgniter.php(353): CodeIgniter\CodeIgniter->handleRequest(null, Object(Config\Cache), false)
 9 FCPATH\index.php(55): CodeIgniter\CodeIgniter->run()
CRITICAL - 2024-07-17 16:24:34 --> Undefined index: perPage
in APPPATH\Controllers\Main.php on line 698.
 1 APPPATH\Controllers\Main.php(698): CodeIgniter\Debug\Exceptions->errorHandler(8, 'Undefined index: perPage', 'APPPATH\\Controllers\\Main.php', 698, [])
 2 SYSTEMPATH\CodeIgniter.php(900): App\Controllers\Main->loans()
 3 SYSTEMPATH\CodeIgniter.php(470): CodeIgniter\CodeIgniter->runController(Object(App\Controllers\Main))
 4 SYSTEMPATH\CodeIgniter.php(353): CodeIgniter\CodeIgniter->handleRequest(null, Object(Config\Cache), false)
 5 FCPATH\index.php(55): CodeIgniter\CodeIgniter->run()
CRITICAL - 2024-07-17 16:25:03 --> Trying to access array offset on value of type null
in APPPATH\Views\pages\loans\list.php on line 37.
 1 APPPATH\Views\pages\loans\list.php(37): CodeIgniter\Debug\Exceptions->errorHandler(8, 'Trying to access array offset on value of type null', 'APPPATH\\Views\\pages\\loans\\list.php', 37, [...])
 2 SYSTEMPATH\View\View.php(213): include('APPPATH\\Views\\pages\\loans\\list.php')
 3 SYSTEMPATH\View\View.php(216): CodeIgniter\View\View->CodeIgniter\View\{closure}()
 4 SYSTEMPATH\Common.php(1135): CodeIgniter\View\View->render('pages/loans/list', [], true)
 5 APPPATH\Controllers\Main.php(702): view('pages/loans/list', [...])
 6 SYSTEMPATH\CodeIgniter.php(900): App\Controllers\Main->loans()
 7 SYSTEMPATH\CodeIgniter.php(470): CodeIgniter\CodeIgniter->runController(Object(App\Controllers\Main))
 8 SYSTEMPATH\CodeIgniter.php(353): CodeIgniter\CodeIgniter->handleRequest(null, Object(Config\Cache), false)
 9 FCPATH\index.php(55): CodeIgniter\CodeIgniter->run()
CRITICAL - 2024-07-17 16:25:37 --> Trying to access array offset on value of type null
in APPPATH\Views\pages\loans\list.php on line 37.
 1 APPPATH\Views\pages\loans\list.php(37): CodeIgniter\Debug\Exceptions->errorHandler(8, 'Trying to access array offset on value of type null', 'APPPATH\\Views\\pages\\loans\\list.php', 37, [...])
 2 SYSTEMPATH\View\View.php(213): include('APPPATH\\Views\\pages\\loans\\list.php')
 3 SYSTEMPATH\View\View.php(216): CodeIgniter\View\View->CodeIgniter\View\{closure}()
 4 SYSTEMPATH\Common.php(1135): CodeIgniter\View\View->render('pages/loans/list', [], true)
 5 APPPATH\Controllers\Main.php(702): view('pages/loans/list', [...])
 6 SYSTEMPATH\CodeIgniter.php(900): App\Controllers\Main->loans()
 7 SYSTEMPATH\CodeIgniter.php(470): CodeIgniter\CodeIgniter->runController(Object(App\Controllers\Main))
 8 SYSTEMPATH\CodeIgniter.php(353): CodeIgniter\CodeIgniter->handleRequest(null, Object(Config\Cache), false)
 9 FCPATH\index.php(55): CodeIgniter\CodeIgniter->run()
CRITICAL - 2024-07-17 16:27:14 --> Undefined variable: page
in APPPATH\Views\pages\loans\list.php on line 49.
 1 APPPATH\Views\pages\loans\list.php(49): CodeIgniter\Debug\Exceptions->errorHandler(8, 'Undefined variable: page', 'APPPATH\\Views\\pages\\loans\\list.php', 49, [...])
 2 SYSTEMPATH\View\View.php(213): include('APPPATH\\Views\\pages\\loans\\list.php')
 3 SYSTEMPATH\View\View.php(216): CodeIgniter\View\View->CodeIgniter\View\{closure}()
 4 SYSTEMPATH\Common.php(1135): CodeIgniter\View\View->render('pages/loans/list', [], true)
 5 APPPATH\Controllers\Main.php(701): view('pages/loans/list', [...])
 6 SYSTEMPATH\CodeIgniter.php(900): App\Controllers\Main->loans()
 7 SYSTEMPATH\CodeIgniter.php(470): CodeIgniter\CodeIgniter->runController(Object(App\Controllers\Main))
 8 SYSTEMPATH\CodeIgniter.php(353): CodeIgniter\CodeIgniter->handleRequest(null, Object(Config\Cache), false)
 9 FCPATH\index.php(55): CodeIgniter\CodeIgniter->run()
CRITICAL - 2024-07-17 16:27:26 --> Argument 3 passed to CodeIgniter\Pager\Pager::makeLinks() must be of the type int, string given, called in C:\xampp74\htdocs\ci4_payroll\app\Views\pages\loans\list.php on line 49
in SYSTEMPATH\Pager\Pager.php on line 104.
 1 APPPATH\Views\pages\loans\list.php(49): CodeIgniter\Pager\Pager->makeLinks(10, 20, 'custom_view')
 2 SYSTEMPATH\View\View.php(213): include('APPPATH\\Views\\pages\\loans\\list.php')
 3 SYSTEMPATH\View\View.php(216): CodeIgniter\View\View->CodeIgniter\View\{closure}()
 4 SYSTEMPATH\Common.php(1135): CodeIgniter\View\View->render('pages/loans/list', [], true)
 5 APPPATH\Controllers\Main.php(701): view('pages/loans/list', [...])
 6 SYSTEMPATH\CodeIgniter.php(900): App\Controllers\Main->loans()
 7 SYSTEMPATH\CodeIgniter.php(470): CodeIgniter\CodeIgniter->runController(Object(App\Controllers\Main))
 8 SYSTEMPATH\CodeIgniter.php(353): CodeIgniter\CodeIgniter->handleRequest(null, Object(Config\Cache), false)
 9 FCPATH\index.php(55): CodeIgniter\CodeIgniter->run()
CRITICAL - 2024-07-17 16:28:23 --> Argument 3 passed to CodeIgniter\Pager\Pager::makeLinks() must be of the type int, string given, called in C:\xampp74\htdocs\ci4_payroll\app\Views\pages\loans\list.php on line 49
in SYSTEMPATH\Pager\Pager.php on line 104.
 1 APPPATH\Views\pages\loans\list.php(49): CodeIgniter\Pager\Pager->makeLinks(10, 20, 'custom_view')
 2 SYSTEMPATH\View\View.php(213): include('APPPATH\\Views\\pages\\loans\\list.php')
 3 SYSTEMPATH\View\View.php(216): CodeIgniter\View\View->CodeIgniter\View\{closure}()
 4 SYSTEMPATH\Common.php(1135): CodeIgniter\View\View->render('pages/loans/list', [], true)
 5 APPPATH\Controllers\Main.php(702): view('pages/loans/list', [...])
 6 SYSTEMPATH\CodeIgniter.php(900): App\Controllers\Main->loans()
 7 SYSTEMPATH\CodeIgniter.php(470): CodeIgniter\CodeIgniter->runController(Object(App\Controllers\Main))
 8 SYSTEMPATH\CodeIgniter.php(353): CodeIgniter\CodeIgniter->handleRequest(null, Object(Config\Cache), false)
 9 FCPATH\index.php(55): CodeIgniter\CodeIgniter->run()
CRITICAL - 2024-07-17 16:28:41 --> Undefined variable: total_res
in APPPATH\Views\layouts\custom_pagination.php on line 44.
 1 APPPATH\Views\layouts\custom_pagination.php(44): CodeIgniter\Debug\Exceptions->errorHandler(8, 'Undefined variable: total_res', 'APPPATH\\Views\\layouts\\custom_pagination.php', 44, [...])
 2 SYSTEMPATH\View\View.php(213): include('APPPATH\\Views\\layouts\\custom_pagination.php')
 3 SYSTEMPATH\View\View.php(216): CodeIgniter\View\View->CodeIgniter\View\{closure}()
 4 SYSTEMPATH\Pager\Pager.php(125): CodeIgniter\View\View->render('App\\Views\\layouts\\custom_pagination')
 5 SYSTEMPATH\Pager\Pager.php(110): CodeIgniter\Pager\Pager->displayLinks('default', 'custom_view')
 6 APPPATH\Views\pages\loans\list.php(49): CodeIgniter\Pager\Pager->makeLinks(1, 10, 20, 'custom_view')
 7 SYSTEMPATH\View\View.php(213): include('APPPATH\\Views\\pages\\loans\\list.php')
 8 SYSTEMPATH\View\View.php(216): CodeIgniter\View\View->CodeIgniter\View\{closure}()
 9 SYSTEMPATH\Common.php(1135): CodeIgniter\View\View->render('pages/loans/list', [], true)
10 APPPATH\Controllers\Main.php(702): view('pages/loans/list', [...])
11 SYSTEMPATH\CodeIgniter.php(900): App\Controllers\Main->loans()
12 SYSTEMPATH\CodeIgniter.php(470): CodeIgniter\CodeIgniter->runController(Object(App\Controllers\Main))
13 SYSTEMPATH\CodeIgniter.php(353): CodeIgniter\CodeIgniter->handleRequest(null, Object(Config\Cache), false)
14 FCPATH\index.php(55): CodeIgniter\CodeIgniter->run()
CRITICAL - 2024-07-17 16:38:11 --> Undefined variable: total_res
in APPPATH\Views\layouts\custom_pagination.php on line 44.
 1 APPPATH\Views\layouts\custom_pagination.php(44): CodeIgniter\Debug\Exceptions->errorHandler(8, 'Undefined variable: total_res', 'APPPATH\\Views\\layouts\\custom_pagination.php', 44, [...])
 2 SYSTEMPATH\View\View.php(213): include('APPPATH\\Views\\layouts\\custom_pagination.php')
 3 SYSTEMPATH\View\View.php(216): CodeIgniter\View\View->CodeIgniter\View\{closure}()
 4 SYSTEMPATH\Pager\Pager.php(125): CodeIgniter\View\View->render('App\\Views\\layouts\\custom_pagination')
 5 SYSTEMPATH\Pager\Pager.php(110): CodeIgniter\Pager\Pager->displayLinks('default', 'custom_view')
 6 APPPATH\Views\pages\loans\list.php(49): CodeIgniter\Pager\Pager->makeLinks(1, 10, 20, 'custom_view')
 7 SYSTEMPATH\View\View.php(213): include('APPPATH\\Views\\pages\\loans\\list.php')
 8 SYSTEMPATH\View\View.php(216): CodeIgniter\View\View->CodeIgniter\View\{closure}()
 9 SYSTEMPATH\Common.php(1135): CodeIgniter\View\View->render('pages/loans/list', [], true)
10 APPPATH\Controllers\Main.php(702): view('pages/loans/list', [...])
11 SYSTEMPATH\CodeIgniter.php(900): App\Controllers\Main->loans()
12 SYSTEMPATH\CodeIgniter.php(470): CodeIgniter\CodeIgniter->runController(Object(App\Controllers\Main))
13 SYSTEMPATH\CodeIgniter.php(353): CodeIgniter\CodeIgniter->handleRequest(null, Object(Config\Cache), false)
14 FCPATH\index.php(55): CodeIgniter\CodeIgniter->run()
CRITICAL - 2024-07-17 16:38:26 --> Undefined variable: total_res
in APPPATH\Views\layouts\custom_pagination.php on line 45.
 1 APPPATH\Views\layouts\custom_pagination.php(45): CodeIgniter\Debug\Exceptions->errorHandler(8, 'Undefined variable: total_res', 'APPPATH\\Views\\layouts\\custom_pagination.php', 45, [...])
 2 SYSTEMPATH\View\View.php(213): include('APPPATH\\Views\\layouts\\custom_pagination.php')
 3 SYSTEMPATH\View\View.php(216): CodeIgniter\View\View->CodeIgniter\View\{closure}()
 4 SYSTEMPATH\Pager\Pager.php(125): CodeIgniter\View\View->render('App\\Views\\layouts\\custom_pagination')
 5 SYSTEMPATH\Pager\Pager.php(110): CodeIgniter\Pager\Pager->displayLinks('default', 'custom_view')
 6 APPPATH\Views\pages\loans\list.php(49): CodeIgniter\Pager\Pager->makeLinks(1, 10, 20, 'custom_view')
 7 SYSTEMPATH\View\View.php(213): include('APPPATH\\Views\\pages\\loans\\list.php')
 8 SYSTEMPATH\View\View.php(216): CodeIgniter\View\View->CodeIgniter\View\{closure}()
 9 SYSTEMPATH\Common.php(1135): CodeIgniter\View\View->render('pages/loans/list', [], true)
10 APPPATH\Controllers\Main.php(702): view('pages/loans/list', [...])
11 SYSTEMPATH\CodeIgniter.php(900): App\Controllers\Main->loans()
12 SYSTEMPATH\CodeIgniter.php(470): CodeIgniter\CodeIgniter->runController(Object(App\Controllers\Main))
13 SYSTEMPATH\CodeIgniter.php(353): CodeIgniter\CodeIgniter->handleRequest(null, Object(Config\Cache), false)
14 FCPATH\index.php(55): CodeIgniter\CodeIgniter->run()
CRITICAL - 2024-07-17 16:39:14 --> Undefined variable: total_res
in APPPATH\Views\layouts\custom_pagination.php on line 45.
 1 APPPATH\Views\layouts\custom_pagination.php(45): CodeIgniter\Debug\Exceptions->errorHandler(8, 'Undefined variable: total_res', 'APPPATH\\Views\\layouts\\custom_pagination.php', 45, [...])
 2 SYSTEMPATH\View\View.php(213): include('APPPATH\\Views\\layouts\\custom_pagination.php')
 3 SYSTEMPATH\View\View.php(216): CodeIgniter\View\View->CodeIgniter\View\{closure}()
 4 SYSTEMPATH\Pager\Pager.php(125): CodeIgniter\View\View->render('App\\Views\\layouts\\custom_pagination')
 5 SYSTEMPATH\Pager\Pager.php(110): CodeIgniter\Pager\Pager->displayLinks('default', 'custom_view')
 6 APPPATH\Views\pages\loans\list.php(49): CodeIgniter\Pager\Pager->makeLinks(1, 10, 20, 'custom_view')
 7 SYSTEMPATH\View\View.php(213): include('APPPATH\\Views\\pages\\loans\\list.php')
 8 SYSTEMPATH\View\View.php(216): CodeIgniter\View\View->CodeIgniter\View\{closure}()
 9 SYSTEMPATH\Common.php(1135): CodeIgniter\View\View->render('pages/loans/list', [], true)
10 APPPATH\Controllers\Main.php(702): view('pages/loans/list', [...])
11 SYSTEMPATH\CodeIgniter.php(900): App\Controllers\Main->loans()
12 SYSTEMPATH\CodeIgniter.php(470): CodeIgniter\CodeIgniter->runController(Object(App\Controllers\Main))
13 SYSTEMPATH\CodeIgniter.php(353): CodeIgniter\CodeIgniter->handleRequest(null, Object(Config\Cache), false)
14 FCPATH\index.php(55): CodeIgniter\CodeIgniter->run()
