ERROR - 2024-07-12 08:49:41 --> Error connecting to the database: No connection could be made because the target machine actively refused it.

CRITICAL - 2024-07-12 08:49:41 --> Unable to connect to the database.
Main connection [MySQLi]: No connection could be made because the target machine actively refused it.

in SYSTEMPATH\Database\BaseConnection.php on line 416.
 1 SYSTEMPATH\Database\BaseConnection.php(586): CodeIgniter\Database\BaseConnection->initialize()
 2 SYSTEMPATH\Database\BaseBuilder.php(1585): CodeIgniter\Database\BaseConnection->query('SELECT `payslips`.*, CONCAT(employees.last_name, \', \', `employees`.`first_name`, COALESCE(CONCAT(\' \', employees.middle_name), \'\')) as `name`, `employees`.`code`, CONCAT(departments.code, \' - \', departments.name) as department, CONCAT(designations.code, \' - \', designations.name) as designation, `payrolls`.`code` as `payroll_code`, `payrolls`.`title` as `payroll_name`, `payslips`.`present`, `payslips`.`late_undertime`, `payslips`.`late_undertime_deduction`
FROM `payslips`
INNER JOIN `payrolls` ON `payslips`.`payroll_id` = `payrolls`.`id`
INNER JOIN `employees` ON `payslips`.`employee_id` = `employees`.`id`
INNER JOIN `departments` ON `employees`.`department_id` = `departments`.`id`
INNER JOIN `designations` ON `employees`.`designation_id` = `designations`.`id`
WHERE `payslips`.`id` = 32
 LIMIT 1', [], false)
 3 SYSTEMPATH\Model.php(249): CodeIgniter\Database\BaseBuilder->get()
 4 SYSTEMPATH\BaseModel.php(622): CodeIgniter\Model->doFirst()
 5 APPPATH\Controllers\Main.php(611): CodeIgniter\BaseModel->first()
 6 SYSTEMPATH\CodeIgniter.php(900): App\Controllers\Main->payslip_view('32')
 7 SYSTEMPATH\CodeIgniter.php(470): CodeIgniter\CodeIgniter->runController(Object(App\Controllers\Main))
 8 SYSTEMPATH\CodeIgniter.php(353): CodeIgniter\CodeIgniter->handleRequest(null, Object(Config\Cache), false)
 9 FCPATH\index.php(55): CodeIgniter\CodeIgniter->run()
ERROR - 2024-07-12 08:50:28 --> Error connecting to the database: No connection could be made because the target machine actively refused it.

CRITICAL - 2024-07-12 08:50:28 --> Unable to connect to the database.
Main connection [MySQLi]: No connection could be made because the target machine actively refused it.

in SYSTEMPATH\Database\BaseConnection.php on line 416.
 1 SYSTEMPATH\Database\BaseConnection.php(586): CodeIgniter\Database\BaseConnection->initialize()
 2 SYSTEMPATH\Database\BaseBuilder.php(1585): CodeIgniter\Database\BaseConnection->query('SELECT `payslips`.*, CONCAT(employees.last_name, \', \', `employees`.`first_name`, COALESCE(CONCAT(\' \', employees.middle_name), \'\')) as `name`, `employees`.`code`, CONCAT(departments.code, \' - \', departments.name) as department, CONCAT(designations.code, \' - \', designations.name) as designation, `payrolls`.`code` as `payroll_code`, `payrolls`.`title` as `payroll_name`, `payslips`.`present`, `payslips`.`late_undertime`, `payslips`.`late_undertime_deduction`
FROM `payslips`
INNER JOIN `payrolls` ON `payslips`.`payroll_id` = `payrolls`.`id`
INNER JOIN `employees` ON `payslips`.`employee_id` = `employees`.`id`
INNER JOIN `departments` ON `employees`.`department_id` = `departments`.`id`
INNER JOIN `designations` ON `employees`.`designation_id` = `designations`.`id`
WHERE `payslips`.`id` = 32
 LIMIT 1', [], false)
 3 SYSTEMPATH\Model.php(249): CodeIgniter\Database\BaseBuilder->get()
 4 SYSTEMPATH\BaseModel.php(622): CodeIgniter\Model->doFirst()
 5 APPPATH\Controllers\Main.php(611): CodeIgniter\BaseModel->first()
 6 SYSTEMPATH\CodeIgniter.php(900): App\Controllers\Main->payslip_view('32')
 7 SYSTEMPATH\CodeIgniter.php(470): CodeIgniter\CodeIgniter->runController(Object(App\Controllers\Main))
 8 SYSTEMPATH\CodeIgniter.php(353): CodeIgniter\CodeIgniter->handleRequest(null, Object(Config\Cache), false)
 9 FCPATH\index.php(55): CodeIgniter\CodeIgniter->run()
CRITICAL - 2024-07-12 10:31:54 --> A non-numeric value encountered
in APPPATH\Controllers\Main.php on line 553.
 1 APPPATH\Controllers\Main.php(553): CodeIgniter\Debug\Exceptions->errorHandler(2, 'A non-numeric value encountered', 'APPPATH\\Controllers\\Main.php', 553, [...])
 2 SYSTEMPATH\CodeIgniter.php(900): App\Controllers\Main->payslip_add('$1')
 3 SYSTEMPATH\CodeIgniter.php(470): CodeIgniter\CodeIgniter->runController(Object(App\Controllers\Main))
 4 SYSTEMPATH\CodeIgniter.php(353): CodeIgniter\CodeIgniter->handleRequest(null, Object(Config\Cache), false)
 5 FCPATH\index.php(55): CodeIgniter\CodeIgniter->run()
CRITICAL - 2024-07-12 10:32:18 --> Undefined variable: deductions
in APPPATH\Controllers\Main.php on line 552.
 1 APPPATH\Controllers\Main.php(552): CodeIgniter\Debug\Exceptions->errorHandler(8, 'Undefined variable: deductions', 'APPPATH\\Controllers\\Main.php', 552, [...])
 2 SYSTEMPATH\CodeIgniter.php(900): App\Controllers\Main->payslip_add('$1')
 3 SYSTEMPATH\CodeIgniter.php(470): CodeIgniter\CodeIgniter->runController(Object(App\Controllers\Main))
 4 SYSTEMPATH\CodeIgniter.php(353): CodeIgniter\CodeIgniter->handleRequest(null, Object(Config\Cache), false)
 5 FCPATH\index.php(55): CodeIgniter\CodeIgniter->run()
CRITICAL - 2024-07-12 10:32:33 --> Undefined variable: deductions
in APPPATH\Controllers\Main.php on line 557.
 1 APPPATH\Controllers\Main.php(557): CodeIgniter\Debug\Exceptions->errorHandler(8, 'Undefined variable: deductions', 'APPPATH\\Controllers\\Main.php', 557, [...])
 2 SYSTEMPATH\CodeIgniter.php(900): App\Controllers\Main->payslip_add('$1')
 3 SYSTEMPATH\CodeIgniter.php(470): CodeIgniter\CodeIgniter->runController(Object(App\Controllers\Main))
 4 SYSTEMPATH\CodeIgniter.php(353): CodeIgniter\CodeIgniter->handleRequest(null, Object(Config\Cache), false)
 5 FCPATH\index.php(55): CodeIgniter\CodeIgniter->run()
CRITICAL - 2024-07-12 10:32:42 --> Undefined variable: net
in APPPATH\Controllers\Main.php on line 557.
 1 APPPATH\Controllers\Main.php(557): CodeIgniter\Debug\Exceptions->errorHandler(8, 'Undefined variable: net', 'APPPATH\\Controllers\\Main.php', 557, [...])
 2 SYSTEMPATH\CodeIgniter.php(900): App\Controllers\Main->payslip_add('$1')
 3 SYSTEMPATH\CodeIgniter.php(470): CodeIgniter\CodeIgniter->runController(Object(App\Controllers\Main))
 4 SYSTEMPATH\CodeIgniter.php(353): CodeIgniter\CodeIgniter->handleRequest(null, Object(Config\Cache), false)
 5 FCPATH\index.php(55): CodeIgniter\CodeIgniter->run()
CRITICAL - 2024-07-12 10:41:49 --> A non-numeric value encountered
in APPPATH\Controllers\Main.php on line 528.
 1 APPPATH\Controllers\Main.php(528): CodeIgniter\Debug\Exceptions->errorHandler(2, 'A non-numeric value encountered', 'APPPATH\\Controllers\\Main.php', 528, [...])
 2 SYSTEMPATH\CodeIgniter.php(900): App\Controllers\Main->payslip_add('$1')
 3 SYSTEMPATH\CodeIgniter.php(470): CodeIgniter\CodeIgniter->runController(Object(App\Controllers\Main))
 4 SYSTEMPATH\CodeIgniter.php(353): CodeIgniter\CodeIgniter->handleRequest(null, Object(Config\Cache), false)
 5 FCPATH\index.php(55): CodeIgniter\CodeIgniter->run()
CRITICAL - 2024-07-12 10:58:20 --> A non-numeric value encountered
in APPPATH\Controllers\Main.php on line 528.
 1 APPPATH\Controllers\Main.php(528): CodeIgniter\Debug\Exceptions->errorHandler(2, 'A non-numeric value encountered', 'APPPATH\\Controllers\\Main.php', 528, [...])
 2 SYSTEMPATH\CodeIgniter.php(900): App\Controllers\Main->payslip_add('$1')
 3 SYSTEMPATH\CodeIgniter.php(470): CodeIgniter\CodeIgniter->runController(Object(App\Controllers\Main))
 4 SYSTEMPATH\CodeIgniter.php(353): CodeIgniter\CodeIgniter->handleRequest(null, Object(Config\Cache), false)
 5 FCPATH\index.php(55): CodeIgniter\CodeIgniter->run()
CRITICAL - 2024-07-12 11:39:50 --> A non-numeric value encountered
in APPPATH\Controllers\Main.php on line 528.
 1 APPPATH\Controllers\Main.php(528): CodeIgniter\Debug\Exceptions->errorHandler(2, 'A non-numeric value encountered', 'APPPATH\\Controllers\\Main.php', 528, [...])
 2 SYSTEMPATH\CodeIgniter.php(900): App\Controllers\Main->payslip_add('$1')
 3 SYSTEMPATH\CodeIgniter.php(470): CodeIgniter\CodeIgniter->runController(Object(App\Controllers\Main))
 4 SYSTEMPATH\CodeIgniter.php(353): CodeIgniter\CodeIgniter->handleRequest(null, Object(Config\Cache), false)
 5 FCPATH\index.php(55): CodeIgniter\CodeIgniter->run()
CRITICAL - 2024-07-12 11:40:36 --> A non-numeric value encountered
in APPPATH\Controllers\Main.php on line 553.
 1 APPPATH\Controllers\Main.php(553): CodeIgniter\Debug\Exceptions->errorHandler(2, 'A non-numeric value encountered', 'APPPATH\\Controllers\\Main.php', 553, [...])
 2 SYSTEMPATH\CodeIgniter.php(900): App\Controllers\Main->payslip_add('$1')
 3 SYSTEMPATH\CodeIgniter.php(470): CodeIgniter\CodeIgniter->runController(Object(App\Controllers\Main))
 4 SYSTEMPATH\CodeIgniter.php(353): CodeIgniter\CodeIgniter->handleRequest(null, Object(Config\Cache), false)
 5 FCPATH\index.php(55): CodeIgniter\CodeIgniter->run()
CRITICAL - 2024-07-12 11:40:53 --> Undefined variable: late_undertime_deduction
in APPPATH\Controllers\Main.php on line 549.
 1 APPPATH\Controllers\Main.php(549): CodeIgniter\Debug\Exceptions->errorHandler(8, 'Undefined variable: late_undertime_deduction', 'APPPATH\\Controllers\\Main.php', 549, [...])
 2 SYSTEMPATH\CodeIgniter.php(900): App\Controllers\Main->payslip_add('$1')
 3 SYSTEMPATH\CodeIgniter.php(470): CodeIgniter\CodeIgniter->runController(Object(App\Controllers\Main))
 4 SYSTEMPATH\CodeIgniter.php(353): CodeIgniter\CodeIgniter->handleRequest(null, Object(Config\Cache), false)
 5 FCPATH\index.php(55): CodeIgniter\CodeIgniter->run()
CRITICAL - 2024-07-12 11:40:57 --> Undefined variable: late_undertime_deduction
in APPPATH\Controllers\Main.php on line 549.
 1 APPPATH\Controllers\Main.php(549): CodeIgniter\Debug\Exceptions->errorHandler(8, 'Undefined variable: late_undertime_deduction', 'APPPATH\\Controllers\\Main.php', 549, [...])
 2 SYSTEMPATH\CodeIgniter.php(900): App\Controllers\Main->payslip_add('$1')
 3 SYSTEMPATH\CodeIgniter.php(470): CodeIgniter\CodeIgniter->runController(Object(App\Controllers\Main))
 4 SYSTEMPATH\CodeIgniter.php(353): CodeIgniter\CodeIgniter->handleRequest(null, Object(Config\Cache), false)
 5 FCPATH\index.php(55): CodeIgniter\CodeIgniter->run()
CRITICAL - 2024-07-12 11:41:05 --> Undefined variable: late_undertime_deduction
in APPPATH\Controllers\Main.php on line 549.
 1 APPPATH\Controllers\Main.php(549): CodeIgniter\Debug\Exceptions->errorHandler(8, 'Undefined variable: late_undertime_deduction', 'APPPATH\\Controllers\\Main.php', 549, [...])
 2 SYSTEMPATH\CodeIgniter.php(900): App\Controllers\Main->payslip_add('$1')
 3 SYSTEMPATH\CodeIgniter.php(470): CodeIgniter\CodeIgniter->runController(Object(App\Controllers\Main))
 4 SYSTEMPATH\CodeIgniter.php(353): CodeIgniter\CodeIgniter->handleRequest(null, Object(Config\Cache), false)
 5 FCPATH\index.php(55): CodeIgniter\CodeIgniter->run()
CRITICAL - 2024-07-12 11:41:23 --> Undefined variable: deductions
in APPPATH\Controllers\Main.php on line 553.
 1 APPPATH\Controllers\Main.php(553): CodeIgniter\Debug\Exceptions->errorHandler(8, 'Undefined variable: deductions', 'APPPATH\\Controllers\\Main.php', 553, [...])
 2 SYSTEMPATH\CodeIgniter.php(900): App\Controllers\Main->payslip_add('$1')
 3 SYSTEMPATH\CodeIgniter.php(470): CodeIgniter\CodeIgniter->runController(Object(App\Controllers\Main))
 4 SYSTEMPATH\CodeIgniter.php(353): CodeIgniter\CodeIgniter->handleRequest(null, Object(Config\Cache), false)
 5 FCPATH\index.php(55): CodeIgniter\CodeIgniter->run()
CRITICAL - 2024-07-12 11:41:31 --> Undefined variable: deductions
in APPPATH\Controllers\Main.php on line 559.
 1 APPPATH\Controllers\Main.php(559): CodeIgniter\Debug\Exceptions->errorHandler(8, 'Undefined variable: deductions', 'APPPATH\\Controllers\\Main.php', 559, [...])
 2 SYSTEMPATH\CodeIgniter.php(900): App\Controllers\Main->payslip_add('$1')
 3 SYSTEMPATH\CodeIgniter.php(470): CodeIgniter\CodeIgniter->runController(Object(App\Controllers\Main))
 4 SYSTEMPATH\CodeIgniter.php(353): CodeIgniter\CodeIgniter->handleRequest(null, Object(Config\Cache), false)
 5 FCPATH\index.php(55): CodeIgniter\CodeIgniter->run()
CRITICAL - 2024-07-12 11:41:37 --> Undefined variable: net
in APPPATH\Controllers\Main.php on line 559.
 1 APPPATH\Controllers\Main.php(559): CodeIgniter\Debug\Exceptions->errorHandler(8, 'Undefined variable: net', 'APPPATH\\Controllers\\Main.php', 559, [...])
 2 SYSTEMPATH\CodeIgniter.php(900): App\Controllers\Main->payslip_add('$1')
 3 SYSTEMPATH\CodeIgniter.php(470): CodeIgniter\CodeIgniter->runController(Object(App\Controllers\Main))
 4 SYSTEMPATH\CodeIgniter.php(353): CodeIgniter\CodeIgniter->handleRequest(null, Object(Config\Cache), false)
 5 FCPATH\index.php(55): CodeIgniter\CodeIgniter->run()
