CRITICAL - 2024-07-22 09:48:23 --> Undefined variable: loans
in APPPATH\Views\pages\payslips\add.php on line 158.
 1 APPPATH\Views\pages\payslips\add.php(158): CodeIgniter\Debug\Exceptions->errorHandler(8, 'Undefined variable: loans', 'APPPATH\\Views\\pages\\payslips\\add.php', 158, [...])
 2 SYSTEMPATH\View\View.php(213): include('APPPATH\\Views\\pages\\payslips\\add.php')
 3 SYSTEMPATH\View\View.php(216): CodeIgniter\View\View->CodeIgniter\View\{closure}()
 4 SYSTEMPATH\Common.php(1135): CodeIgniter\View\View->render('pages/payslips/add', [], true)
 5 APPPATH\Controllers\Main.php(632): view('pages/payslips/add', [...])
 6 SYSTEMPATH\CodeIgniter.php(900): App\Controllers\Main->payslip_add()
 7 SYSTEMPATH\CodeIgniter.php(470): CodeIgniter\CodeIgniter->runController(Object(App\Controllers\Main))
 8 SYSTEMPATH\CodeIgniter.php(353): CodeIgniter\CodeIgniter->handleRequest(null, Object(Config\Cache), false)
 9 FCPATH\index.php(55): CodeIgniter\CodeIgniter->run()
CRITICAL - 2024-07-22 09:51:47 --> Undefined variable: loans
in APPPATH\Views\pages\payslips\add.php on line 158.
 1 APPPATH\Views\pages\payslips\add.php(158): CodeIgniter\Debug\Exceptions->errorHandler(8, 'Undefined variable: loans', 'APPPATH\\Views\\pages\\payslips\\add.php', 158, [...])
 2 SYSTEMPATH\View\View.php(213): include('APPPATH\\Views\\pages\\payslips\\add.php')
 3 SYSTEMPATH\View\View.php(216): CodeIgniter\View\View->CodeIgniter\View\{closure}()
 4 SYSTEMPATH\Common.php(1135): CodeIgniter\View\View->render('pages/payslips/add', [], true)
 5 APPPATH\Controllers\Main.php(632): view('pages/payslips/add', [...])
 6 SYSTEMPATH\CodeIgniter.php(900): App\Controllers\Main->payslip_add()
 7 SYSTEMPATH\CodeIgniter.php(470): CodeIgniter\CodeIgniter->runController(Object(App\Controllers\Main))
 8 SYSTEMPATH\CodeIgniter.php(353): CodeIgniter\CodeIgniter->handleRequest(null, Object(Config\Cache), false)
 9 FCPATH\index.php(55): CodeIgniter\CodeIgniter->run()
CRITICAL - 2024-07-22 09:53:38 --> Undefined variable: loans
in APPPATH\Views\pages\payslips\add.php on line 158.
 1 APPPATH\Views\pages\payslips\add.php(158): CodeIgniter\Debug\Exceptions->errorHandler(8, 'Undefined variable: loans', 'APPPATH\\Views\\pages\\payslips\\add.php', 158, [...])
 2 SYSTEMPATH\View\View.php(213): include('APPPATH\\Views\\pages\\payslips\\add.php')
 3 SYSTEMPATH\View\View.php(216): CodeIgniter\View\View->CodeIgniter\View\{closure}()
 4 SYSTEMPATH\Common.php(1135): CodeIgniter\View\View->render('pages/payslips/add', [], true)
 5 APPPATH\Controllers\Main.php(632): view('pages/payslips/add', [...])
 6 SYSTEMPATH\CodeIgniter.php(900): App\Controllers\Main->payslip_add()
 7 SYSTEMPATH\CodeIgniter.php(470): CodeIgniter\CodeIgniter->runController(Object(App\Controllers\Main))
 8 SYSTEMPATH\CodeIgniter.php(353): CodeIgniter\CodeIgniter->handleRequest(null, Object(Config\Cache), false)
 9 FCPATH\index.php(55): CodeIgniter\CodeIgniter->run()
CRITICAL - 2024-07-22 10:13:39 --> Undefined variable: loans
in APPPATH\Views\pages\payslips\add.php on line 158.
 1 APPPATH\Views\pages\payslips\add.php(158): CodeIgniter\Debug\Exceptions->errorHandler(8, 'Undefined variable: loans', 'APPPATH\\Views\\pages\\payslips\\add.php', 158, [...])
 2 SYSTEMPATH\View\View.php(213): include('APPPATH\\Views\\pages\\payslips\\add.php')
 3 SYSTEMPATH\View\View.php(216): CodeIgniter\View\View->CodeIgniter\View\{closure}()
 4 SYSTEMPATH\Common.php(1135): CodeIgniter\View\View->render('pages/payslips/add', [], true)
 5 APPPATH\Controllers\Main.php(632): view('pages/payslips/add', [...])
 6 SYSTEMPATH\CodeIgniter.php(900): App\Controllers\Main->payslip_add()
 7 SYSTEMPATH\CodeIgniter.php(470): CodeIgniter\CodeIgniter->runController(Object(App\Controllers\Main))
 8 SYSTEMPATH\CodeIgniter.php(353): CodeIgniter\CodeIgniter->handleRequest(null, Object(Config\Cache), false)
 9 FCPATH\index.php(55): CodeIgniter\CodeIgniter->run()
CRITICAL - 2024-07-22 10:29:14 --> Undefined variable: loans
in APPPATH\Views\pages\payslips\add.php on line 158.
 1 APPPATH\Views\pages\payslips\add.php(158): CodeIgniter\Debug\Exceptions->errorHandler(8, 'Undefined variable: loans', 'APPPATH\\Views\\pages\\payslips\\add.php', 158, [...])
 2 SYSTEMPATH\View\View.php(213): include('APPPATH\\Views\\pages\\payslips\\add.php')
 3 SYSTEMPATH\View\View.php(216): CodeIgniter\View\View->CodeIgniter\View\{closure}()
 4 SYSTEMPATH\Common.php(1135): CodeIgniter\View\View->render('pages/payslips/add', [], true)
 5 APPPATH\Controllers\Main.php(632): view('pages/payslips/add', [...])
 6 SYSTEMPATH\CodeIgniter.php(900): App\Controllers\Main->payslip_add()
 7 SYSTEMPATH\CodeIgniter.php(470): CodeIgniter\CodeIgniter->runController(Object(App\Controllers\Main))
 8 SYSTEMPATH\CodeIgniter.php(353): CodeIgniter\CodeIgniter->handleRequest(null, Object(Config\Cache), false)
 9 FCPATH\index.php(55): CodeIgniter\CodeIgniter->run()
CRITICAL - 2024-07-22 11:34:58 --> Undefined variable: loans
in APPPATH\Views\pages\payslips\add.php on line 158.
 1 APPPATH\Views\pages\payslips\add.php(158): CodeIgniter\Debug\Exceptions->errorHandler(8, 'Undefined variable: loans', 'APPPATH\\Views\\pages\\payslips\\add.php', 158, [...])
 2 SYSTEMPATH\View\View.php(213): include('APPPATH\\Views\\pages\\payslips\\add.php')
 3 SYSTEMPATH\View\View.php(216): CodeIgniter\View\View->CodeIgniter\View\{closure}()
 4 SYSTEMPATH\Common.php(1135): CodeIgniter\View\View->render('pages/payslips/add', [], true)
 5 APPPATH\Controllers\Main.php(632): view('pages/payslips/add', [...])
 6 SYSTEMPATH\CodeIgniter.php(900): App\Controllers\Main->payslip_add()
 7 SYSTEMPATH\CodeIgniter.php(470): CodeIgniter\CodeIgniter->runController(Object(App\Controllers\Main))
 8 SYSTEMPATH\CodeIgniter.php(353): CodeIgniter\CodeIgniter->handleRequest(null, Object(Config\Cache), false)
 9 FCPATH\index.php(55): CodeIgniter\CodeIgniter->run()
CRITICAL - 2024-07-22 12:00:44 --> Undefined variable: loans
in APPPATH\Views\pages\payslips\add.php on line 158.
 1 APPPATH\Views\pages\payslips\add.php(158): CodeIgniter\Debug\Exceptions->errorHandler(8, 'Undefined variable: loans', 'APPPATH\\Views\\pages\\payslips\\add.php', 158, [...])
 2 SYSTEMPATH\View\View.php(213): include('APPPATH\\Views\\pages\\payslips\\add.php')
 3 SYSTEMPATH\View\View.php(216): CodeIgniter\View\View->CodeIgniter\View\{closure}()
 4 SYSTEMPATH\Common.php(1135): CodeIgniter\View\View->render('pages/payslips/add', [], true)
 5 APPPATH\Controllers\Main.php(632): view('pages/payslips/add', [...])
 6 SYSTEMPATH\CodeIgniter.php(900): App\Controllers\Main->payslip_add()
 7 SYSTEMPATH\CodeIgniter.php(470): CodeIgniter\CodeIgniter->runController(Object(App\Controllers\Main))
 8 SYSTEMPATH\CodeIgniter.php(353): CodeIgniter\CodeIgniter->handleRequest(null, Object(Config\Cache), false)
 9 FCPATH\index.php(55): CodeIgniter\CodeIgniter->run()
CRITICAL - 2024-07-22 12:00:53 --> Undefined variable: loans
in APPPATH\Views\pages\payslips\add.php on line 158.
 1 APPPATH\Views\pages\payslips\add.php(158): CodeIgniter\Debug\Exceptions->errorHandler(8, 'Undefined variable: loans', 'APPPATH\\Views\\pages\\payslips\\add.php', 158, [...])
 2 SYSTEMPATH\View\View.php(213): include('APPPATH\\Views\\pages\\payslips\\add.php')
 3 SYSTEMPATH\View\View.php(216): CodeIgniter\View\View->CodeIgniter\View\{closure}()
 4 SYSTEMPATH\Common.php(1135): CodeIgniter\View\View->render('pages/payslips/add', [], true)
 5 APPPATH\Controllers\Main.php(632): view('pages/payslips/add', [...])
 6 SYSTEMPATH\CodeIgniter.php(900): App\Controllers\Main->payslip_add()
 7 SYSTEMPATH\CodeIgniter.php(470): CodeIgniter\CodeIgniter->runController(Object(App\Controllers\Main))
 8 SYSTEMPATH\CodeIgniter.php(353): CodeIgniter\CodeIgniter->handleRequest(null, Object(Config\Cache), false)
 9 FCPATH\index.php(55): CodeIgniter\CodeIgniter->run()
CRITICAL - 2024-07-22 12:01:09 --> Undefined variable: loan
in APPPATH\Views\pages\payslips\add.php on line 160.
 1 APPPATH\Views\pages\payslips\add.php(160): CodeIgniter\Debug\Exceptions->errorHandler(8, 'Undefined variable: loan', 'APPPATH\\Views\\pages\\payslips\\add.php', 160, [...])
 2 SYSTEMPATH\View\View.php(213): include('APPPATH\\Views\\pages\\payslips\\add.php')
 3 SYSTEMPATH\View\View.php(216): CodeIgniter\View\View->CodeIgniter\View\{closure}()
 4 SYSTEMPATH\Common.php(1135): CodeIgniter\View\View->render('pages/payslips/add', [], true)
 5 APPPATH\Controllers\Main.php(632): view('pages/payslips/add', [...])
 6 SYSTEMPATH\CodeIgniter.php(900): App\Controllers\Main->payslip_add()
 7 SYSTEMPATH\CodeIgniter.php(470): CodeIgniter\CodeIgniter->runController(Object(App\Controllers\Main))
 8 SYSTEMPATH\CodeIgniter.php(353): CodeIgniter\CodeIgniter->handleRequest(null, Object(Config\Cache), false)
 9 FCPATH\index.php(55): CodeIgniter\CodeIgniter->run()
CRITICAL - 2024-07-22 12:01:17 --> Undefined variable: loan
in APPPATH\Views\pages\payslips\add.php on line 160.
 1 APPPATH\Views\pages\payslips\add.php(160): CodeIgniter\Debug\Exceptions->errorHandler(8, 'Undefined variable: loan', 'APPPATH\\Views\\pages\\payslips\\add.php', 160, [...])
 2 SYSTEMPATH\View\View.php(213): include('APPPATH\\Views\\pages\\payslips\\add.php')
 3 SYSTEMPATH\View\View.php(216): CodeIgniter\View\View->CodeIgniter\View\{closure}()
 4 SYSTEMPATH\Common.php(1135): CodeIgniter\View\View->render('pages/payslips/add', [], true)
 5 APPPATH\Controllers\Main.php(632): view('pages/payslips/add', [...])
 6 SYSTEMPATH\CodeIgniter.php(900): App\Controllers\Main->payslip_add()
 7 SYSTEMPATH\CodeIgniter.php(470): CodeIgniter\CodeIgniter->runController(Object(App\Controllers\Main))
 8 SYSTEMPATH\CodeIgniter.php(353): CodeIgniter\CodeIgniter->handleRequest(null, Object(Config\Cache), false)
 9 FCPATH\index.php(55): CodeIgniter\CodeIgniter->run()
CRITICAL - 2024-07-22 12:01:29 --> Undefined variable: loans
in APPPATH\Views\pages\payslips\add.php on line 282.
 1 APPPATH\Views\pages\payslips\add.php(282): CodeIgniter\Debug\Exceptions->errorHandler(8, 'Undefined variable: loans', 'APPPATH\\Views\\pages\\payslips\\add.php', 282, [...])
 2 SYSTEMPATH\View\View.php(213): include('APPPATH\\Views\\pages\\payslips\\add.php')
 3 SYSTEMPATH\View\View.php(216): CodeIgniter\View\View->CodeIgniter\View\{closure}()
 4 SYSTEMPATH\Common.php(1135): CodeIgniter\View\View->render('pages/payslips/add', [], true)
 5 APPPATH\Controllers\Main.php(632): view('pages/payslips/add', [...])
 6 SYSTEMPATH\CodeIgniter.php(900): App\Controllers\Main->payslip_add()
 7 SYSTEMPATH\CodeIgniter.php(470): CodeIgniter\CodeIgniter->runController(Object(App\Controllers\Main))
 8 SYSTEMPATH\CodeIgniter.php(353): CodeIgniter\CodeIgniter->handleRequest(null, Object(Config\Cache), false)
 9 FCPATH\index.php(55): CodeIgniter\CodeIgniter->run()
CRITICAL - 2024-07-22 12:10:11 --> Undefined variable: loans
in APPPATH\Views\pages\payslips\add.php on line 158.
 1 APPPATH\Views\pages\payslips\add.php(158): CodeIgniter\Debug\Exceptions->errorHandler(8, 'Undefined variable: loans', 'APPPATH\\Views\\pages\\payslips\\add.php', 158, [...])
 2 SYSTEMPATH\View\View.php(213): include('APPPATH\\Views\\pages\\payslips\\add.php')
 3 SYSTEMPATH\View\View.php(216): CodeIgniter\View\View->CodeIgniter\View\{closure}()
 4 SYSTEMPATH\Common.php(1135): CodeIgniter\View\View->render('pages/payslips/add', [], true)
 5 APPPATH\Controllers\Main.php(632): view('pages/payslips/add', [...])
 6 SYSTEMPATH\CodeIgniter.php(900): App\Controllers\Main->payslip_add()
 7 SYSTEMPATH\CodeIgniter.php(470): CodeIgniter\CodeIgniter->runController(Object(App\Controllers\Main))
 8 SYSTEMPATH\CodeIgniter.php(353): CodeIgniter\CodeIgniter->handleRequest(null, Object(Config\Cache), false)
 9 FCPATH\index.php(55): CodeIgniter\CodeIgniter->run()
CRITICAL - 2024-07-22 12:10:42 --> Undefined variable: loans
in APPPATH\Views\pages\payslips\add.php on line 158.
 1 APPPATH\Views\pages\payslips\add.php(158): CodeIgniter\Debug\Exceptions->errorHandler(8, 'Undefined variable: loans', 'APPPATH\\Views\\pages\\payslips\\add.php', 158, [...])
 2 SYSTEMPATH\View\View.php(213): include('APPPATH\\Views\\pages\\payslips\\add.php')
 3 SYSTEMPATH\View\View.php(216): CodeIgniter\View\View->CodeIgniter\View\{closure}()
 4 SYSTEMPATH\Common.php(1135): CodeIgniter\View\View->render('pages/payslips/add', [], true)
 5 APPPATH\Controllers\Main.php(632): view('pages/payslips/add', [...])
 6 SYSTEMPATH\CodeIgniter.php(900): App\Controllers\Main->payslip_add()
 7 SYSTEMPATH\CodeIgniter.php(470): CodeIgniter\CodeIgniter->runController(Object(App\Controllers\Main))
 8 SYSTEMPATH\CodeIgniter.php(353): CodeIgniter\CodeIgniter->handleRequest(null, Object(Config\Cache), false)
 9 FCPATH\index.php(55): CodeIgniter\CodeIgniter->run()
CRITICAL - 2024-07-22 12:11:31 --> Undefined variable: loans
in APPPATH\Views\pages\payslips\add.php on line 158.
 1 APPPATH\Views\pages\payslips\add.php(158): CodeIgniter\Debug\Exceptions->errorHandler(8, 'Undefined variable: loans', 'APPPATH\\Views\\pages\\payslips\\add.php', 158, [...])
 2 SYSTEMPATH\View\View.php(213): include('APPPATH\\Views\\pages\\payslips\\add.php')
 3 SYSTEMPATH\View\View.php(216): CodeIgniter\View\View->CodeIgniter\View\{closure}()
 4 SYSTEMPATH\Common.php(1135): CodeIgniter\View\View->render('pages/payslips/add', [], true)
 5 APPPATH\Controllers\Main.php(632): view('pages/payslips/add', [...])
 6 SYSTEMPATH\CodeIgniter.php(900): App\Controllers\Main->payslip_add()
 7 SYSTEMPATH\CodeIgniter.php(470): CodeIgniter\CodeIgniter->runController(Object(App\Controllers\Main))
 8 SYSTEMPATH\CodeIgniter.php(353): CodeIgniter\CodeIgniter->handleRequest(null, Object(Config\Cache), false)
 9 FCPATH\index.php(55): CodeIgniter\CodeIgniter->run()
CRITICAL - 2024-07-22 12:11:55 --> Undefined variable: loans
in APPPATH\Views\pages\payslips\add.php on line 158.
 1 APPPATH\Views\pages\payslips\add.php(158): CodeIgniter\Debug\Exceptions->errorHandler(8, 'Undefined variable: loans', 'APPPATH\\Views\\pages\\payslips\\add.php', 158, [...])
 2 SYSTEMPATH\View\View.php(213): include('APPPATH\\Views\\pages\\payslips\\add.php')
 3 SYSTEMPATH\View\View.php(216): CodeIgniter\View\View->CodeIgniter\View\{closure}()
 4 SYSTEMPATH\Common.php(1135): CodeIgniter\View\View->render('pages/payslips/add', [], true)
 5 APPPATH\Controllers\Main.php(632): view('pages/payslips/add', [...])
 6 SYSTEMPATH\CodeIgniter.php(900): App\Controllers\Main->payslip_add()
 7 SYSTEMPATH\CodeIgniter.php(470): CodeIgniter\CodeIgniter->runController(Object(App\Controllers\Main))
 8 SYSTEMPATH\CodeIgniter.php(353): CodeIgniter\CodeIgniter->handleRequest(null, Object(Config\Cache), false)
 9 FCPATH\index.php(55): CodeIgniter\CodeIgniter->run()
CRITICAL - 2024-07-22 13:05:37 --> Undefined variable: loans
in APPPATH\Views\pages\payslips\add.php on line 158.
 1 APPPATH\Views\pages\payslips\add.php(158): CodeIgniter\Debug\Exceptions->errorHandler(8, 'Undefined variable: loans', 'APPPATH\\Views\\pages\\payslips\\add.php', 158, [...])
 2 SYSTEMPATH\View\View.php(213): include('APPPATH\\Views\\pages\\payslips\\add.php')
 3 SYSTEMPATH\View\View.php(216): CodeIgniter\View\View->CodeIgniter\View\{closure}()
 4 SYSTEMPATH\Common.php(1135): CodeIgniter\View\View->render('pages/payslips/add', [], true)
 5 APPPATH\Controllers\Main.php(632): view('pages/payslips/add', [...])
 6 SYSTEMPATH\CodeIgniter.php(900): App\Controllers\Main->payslip_add()
 7 SYSTEMPATH\CodeIgniter.php(470): CodeIgniter\CodeIgniter->runController(Object(App\Controllers\Main))
 8 SYSTEMPATH\CodeIgniter.php(353): CodeIgniter\CodeIgniter->handleRequest(null, Object(Config\Cache), false)
 9 FCPATH\index.php(55): CodeIgniter\CodeIgniter->run()
CRITICAL - 2024-07-22 13:23:07 --> Undefined variable: loans
in APPPATH\Views\pages\payslips\add.php on line 158.
 1 APPPATH\Views\pages\payslips\add.php(158): CodeIgniter\Debug\Exceptions->errorHandler(8, 'Undefined variable: loans', 'APPPATH\\Views\\pages\\payslips\\add.php', 158, [...])
 2 SYSTEMPATH\View\View.php(213): include('APPPATH\\Views\\pages\\payslips\\add.php')
 3 SYSTEMPATH\View\View.php(216): CodeIgniter\View\View->CodeIgniter\View\{closure}()
 4 SYSTEMPATH\Common.php(1135): CodeIgniter\View\View->render('pages/payslips/add', [], true)
 5 APPPATH\Controllers\Main.php(632): view('pages/payslips/add', [...])
 6 SYSTEMPATH\CodeIgniter.php(900): App\Controllers\Main->payslip_add()
 7 SYSTEMPATH\CodeIgniter.php(470): CodeIgniter\CodeIgniter->runController(Object(App\Controllers\Main))
 8 SYSTEMPATH\CodeIgniter.php(353): CodeIgniter\CodeIgniter->handleRequest(null, Object(Config\Cache), false)
 9 FCPATH\index.php(55): CodeIgniter\CodeIgniter->run()
CRITICAL - 2024-07-22 13:40:13 --> Undefined variable: loans
in APPPATH\Views\pages\payslips\add.php on line 158.
 1 APPPATH\Views\pages\payslips\add.php(158): CodeIgniter\Debug\Exceptions->errorHandler(8, 'Undefined variable: loans', 'APPPATH\\Views\\pages\\payslips\\add.php', 158, [...])
 2 SYSTEMPATH\View\View.php(213): include('APPPATH\\Views\\pages\\payslips\\add.php')
 3 SYSTEMPATH\View\View.php(216): CodeIgniter\View\View->CodeIgniter\View\{closure}()
 4 SYSTEMPATH\Common.php(1135): CodeIgniter\View\View->render('pages/payslips/add', [], true)
 5 APPPATH\Controllers\Main.php(632): view('pages/payslips/add', [...])
 6 SYSTEMPATH\CodeIgniter.php(900): App\Controllers\Main->payslip_add()
 7 SYSTEMPATH\CodeIgniter.php(470): CodeIgniter\CodeIgniter->runController(Object(App\Controllers\Main))
 8 SYSTEMPATH\CodeIgniter.php(353): CodeIgniter\CodeIgniter->handleRequest(null, Object(Config\Cache), false)
 9 FCPATH\index.php(55): CodeIgniter\CodeIgniter->run()
CRITICAL - 2024-07-22 16:47:00 --> Call to undefined function App\Controllers\alert()
in APPPATH\Controllers\Main.php on line 721.
 1 SYSTEMPATH\CodeIgniter.php(900): App\Controllers\Main->addLoan('$1')
 2 SYSTEMPATH\CodeIgniter.php(470): CodeIgniter\CodeIgniter->runController(Object(App\Controllers\Main))
 3 SYSTEMPATH\CodeIgniter.php(353): CodeIgniter\CodeIgniter->handleRequest(null, Object(Config\Cache), false)
 4 FCPATH\index.php(55): CodeIgniter\CodeIgniter->run()
CRITICAL - 2024-07-22 16:50:44 --> Use of undefined constant console - assumed 'console' (this will throw an Error in a future version of PHP)
in APPPATH\Controllers\Main.php on line 720.
 1 APPPATH\Controllers\Main.php(720): CodeIgniter\Debug\Exceptions->errorHandler(2, 'Use of undefined constant console - assumed \'console\' (this will throw an Error in a future version of PHP)', 'APPPATH\\Controllers\\Main.php', 720, [...])
 2 SYSTEMPATH\CodeIgniter.php(900): App\Controllers\Main->addLoan('$1')
 3 SYSTEMPATH\CodeIgniter.php(470): CodeIgniter\CodeIgniter->runController(Object(App\Controllers\Main))
 4 SYSTEMPATH\CodeIgniter.php(353): CodeIgniter\CodeIgniter->handleRequest(null, Object(Config\Cache), false)
 5 FCPATH\index.php(55): CodeIgniter\CodeIgniter->run()
CRITICAL - 2024-07-22 17:00:02 --> Undefined variable: totalLoan
in APPPATH\Controllers\Main.php on line 729.
 1 APPPATH\Controllers\Main.php(729): CodeIgniter\Debug\Exceptions->errorHandler(8, 'Undefined variable: totalLoan', 'APPPATH\\Controllers\\Main.php', 729, [...])
 2 SYSTEMPATH\CodeIgniter.php(900): App\Controllers\Main->addLoan('$1')
 3 SYSTEMPATH\CodeIgniter.php(470): CodeIgniter\CodeIgniter->runController(Object(App\Controllers\Main))
 4 SYSTEMPATH\CodeIgniter.php(353): CodeIgniter\CodeIgniter->handleRequest(null, Object(Config\Cache), false)
 5 FCPATH\index.php(55): CodeIgniter\CodeIgniter->run()
CRITICAL - 2024-07-22 17:02:16 --> Undefined property: App\Controllers\Main::$input
in APPPATH\Controllers\Main.php on line 712.
 1 APPPATH\Controllers\Main.php(712): CodeIgniter\Debug\Exceptions->errorHandler(8, 'Undefined property: App\\Controllers\\Main::$input', 'APPPATH\\Controllers\\Main.php', 712, [])
 2 SYSTEMPATH\CodeIgniter.php(900): App\Controllers\Main->addLoan('$1')
 3 SYSTEMPATH\CodeIgniter.php(470): CodeIgniter\CodeIgniter->runController(Object(App\Controllers\Main))
 4 SYSTEMPATH\CodeIgniter.php(353): CodeIgniter\CodeIgniter->handleRequest(null, Object(Config\Cache), false)
 5 FCPATH\index.php(55): CodeIgniter\CodeIgniter->run()
