CRITICAL - 2024-07-09 09:53:02 --> Undefined variable: earning_name
in APPPATH\Controllers\Main.php on line 542.
 1 APPPATH\Controllers\Main.php(542): CodeIgniter\Debug\Exceptions->errorHandler(8, 'Undefined variable: earning_name', 'APPPATH\\Controllers\\Main.php', 542, [...])
 2 SYSTEMPATH\CodeIgniter.php(900): App\Controllers\Main->payslip_add('$1')
 3 SYSTEMPATH\CodeIgniter.php(470): CodeIgniter\CodeIgniter->runController(Object(App\Controllers\Main))
 4 SYSTEMPATH\CodeIgniter.php(353): CodeIgniter\CodeIgniter->handleRequest(null, Object(Config\Cache), false)
 5 FCPATH\index.php(55): CodeIgniter\CodeIgniter->run()
CRITICAL - 2024-07-09 09:54:45 --> Undefined variable: earning_name
in APPPATH\Controllers\Main.php on line 531.
 1 APPPATH\Controllers\Main.php(531): CodeIgniter\Debug\Exceptions->errorHandler(8, 'Undefined variable: earning_name', 'APPPATH\\Controllers\\Main.php', 531, [...])
 2 SYSTEMPATH\CodeIgniter.php(900): App\Controllers\Main->payslip_add('$1')
 3 SYSTEMPATH\CodeIgniter.php(470): CodeIgniter\CodeIgniter->runController(Object(App\Controllers\Main))
 4 SYSTEMPATH\CodeIgniter.php(353): CodeIgniter\CodeIgniter->handleRequest(null, Object(Config\Cache), false)
 5 FCPATH\index.php(55): CodeIgniter\CodeIgniter->run()
CRITICAL - 2024-07-09 09:59:19 --> Undefined variable: earning_name
in APPPATH\Controllers\Main.php on line 531.
 1 APPPATH\Controllers\Main.php(531): CodeIgniter\Debug\Exceptions->errorHandler(8, 'Undefined variable: earning_name', 'APPPATH\\Controllers\\Main.php', 531, [...])
 2 SYSTEMPATH\CodeIgniter.php(900): App\Controllers\Main->payslip_add('$1')
 3 SYSTEMPATH\CodeIgniter.php(470): CodeIgniter\CodeIgniter->runController(Object(App\Controllers\Main))
 4 SYSTEMPATH\CodeIgniter.php(353): CodeIgniter\CodeIgniter->handleRequest(null, Object(Config\Cache), false)
 5 FCPATH\index.php(55): CodeIgniter\CodeIgniter->run()
CRITICAL - 2024-07-09 10:03:08 --> Undefined variable: earning_name
in APPPATH\Controllers\Main.php on line 531.
 1 APPPATH\Controllers\Main.php(531): CodeIgniter\Debug\Exceptions->errorHandler(8, 'Undefined variable: earning_name', 'APPPATH\\Controllers\\Main.php', 531, [...])
 2 SYSTEMPATH\CodeIgniter.php(900): App\Controllers\Main->payslip_add('$1')
 3 SYSTEMPATH\CodeIgniter.php(470): CodeIgniter\CodeIgniter->runController(Object(App\Controllers\Main))
 4 SYSTEMPATH\CodeIgniter.php(353): CodeIgniter\CodeIgniter->handleRequest(null, Object(Config\Cache), false)
 5 FCPATH\index.php(55): CodeIgniter\CodeIgniter->run()
CRITICAL - 2024-07-09 10:11:57 --> Undefined variable: earning_name
in APPPATH\Controllers\Main.php on line 531.
 1 APPPATH\Controllers\Main.php(531): CodeIgniter\Debug\Exceptions->errorHandler(8, 'Undefined variable: earning_name', 'APPPATH\\Controllers\\Main.php', 531, [...])
 2 SYSTEMPATH\CodeIgniter.php(900): App\Controllers\Main->payslip_add('$1')
 3 SYSTEMPATH\CodeIgniter.php(470): CodeIgniter\CodeIgniter->runController(Object(App\Controllers\Main))
 4 SYSTEMPATH\CodeIgniter.php(353): CodeIgniter\CodeIgniter->handleRequest(null, Object(Config\Cache), false)
 5 FCPATH\index.php(55): CodeIgniter\CodeIgniter->run()
CRITICAL - 2024-07-09 10:15:46 --> Undefined variable: earning_name
in APPPATH\Controllers\Main.php on line 517.
 1 APPPATH\Controllers\Main.php(517): CodeIgniter\Debug\Exceptions->errorHandler(8, 'Undefined variable: earning_name', 'APPPATH\\Controllers\\Main.php', 517, [...])
 2 SYSTEMPATH\CodeIgniter.php(900): App\Controllers\Main->payslip_add('$1')
 3 SYSTEMPATH\CodeIgniter.php(470): CodeIgniter\CodeIgniter->runController(Object(App\Controllers\Main))
 4 SYSTEMPATH\CodeIgniter.php(353): CodeIgniter\CodeIgniter->handleRequest(null, Object(Config\Cache), false)
 5 FCPATH\index.php(55): CodeIgniter\CodeIgniter->run()
CRITICAL - 2024-07-09 10:18:08 --> Undefined variable: employee_id
in APPPATH\Controllers\Main.php on line 521.
 1 APPPATH\Controllers\Main.php(521): CodeIgniter\Debug\Exceptions->errorHandler(8, 'Undefined variable: employee_id', 'APPPATH\\Controllers\\Main.php', 521, [...])
 2 SYSTEMPATH\CodeIgniter.php(900): App\Controllers\Main->payslip_add('$1')
 3 SYSTEMPATH\CodeIgniter.php(470): CodeIgniter\CodeIgniter->runController(Object(App\Controllers\Main))
 4 SYSTEMPATH\CodeIgniter.php(353): CodeIgniter\CodeIgniter->handleRequest(null, Object(Config\Cache), false)
 5 FCPATH\index.php(55): CodeIgniter\CodeIgniter->run()
CRITICAL - 2024-07-09 10:33:25 --> Undefined variable: earning_name
in APPPATH\Controllers\Main.php on line 530.
 1 APPPATH\Controllers\Main.php(530): CodeIgniter\Debug\Exceptions->errorHandler(8, 'Undefined variable: earning_name', 'APPPATH\\Controllers\\Main.php', 530, [...])
 2 SYSTEMPATH\CodeIgniter.php(900): App\Controllers\Main->payslip_add('$1')
 3 SYSTEMPATH\CodeIgniter.php(470): CodeIgniter\CodeIgniter->runController(Object(App\Controllers\Main))
 4 SYSTEMPATH\CodeIgniter.php(353): CodeIgniter\CodeIgniter->handleRequest(null, Object(Config\Cache), false)
 5 FCPATH\index.php(55): CodeIgniter\CodeIgniter->run()
CRITICAL - 2024-07-09 11:12:20 --> Undefined variable: earning_name
in APPPATH\Controllers\Main.php on line 547.
 1 APPPATH\Controllers\Main.php(547): CodeIgniter\Debug\Exceptions->errorHandler(8, 'Undefined variable: earning_name', 'APPPATH\\Controllers\\Main.php', 547, [...])
 2 SYSTEMPATH\CodeIgniter.php(900): App\Controllers\Main->payslip_add('$1')
 3 SYSTEMPATH\CodeIgniter.php(470): CodeIgniter\CodeIgniter->runController(Object(App\Controllers\Main))
 4 SYSTEMPATH\CodeIgniter.php(353): CodeIgniter\CodeIgniter->handleRequest(null, Object(Config\Cache), false)
 5 FCPATH\index.php(55): CodeIgniter\CodeIgniter->run()
CRITICAL - 2024-07-09 11:13:24 --> Undefined variable: earning_name
in APPPATH\Controllers\Main.php on line 518.
 1 APPPATH\Controllers\Main.php(518): CodeIgniter\Debug\Exceptions->errorHandler(8, 'Undefined variable: earning_name', 'APPPATH\\Controllers\\Main.php', 518, [...])
 2 SYSTEMPATH\CodeIgniter.php(900): App\Controllers\Main->payslip_add('$1')
 3 SYSTEMPATH\CodeIgniter.php(470): CodeIgniter\CodeIgniter->runController(Object(App\Controllers\Main))
 4 SYSTEMPATH\CodeIgniter.php(353): CodeIgniter\CodeIgniter->handleRequest(null, Object(Config\Cache), false)
 5 FCPATH\index.php(55): CodeIgniter\CodeIgniter->run()
CRITICAL - 2024-07-09 11:17:04 --> Undefined variable: earning_name
in APPPATH\Controllers\Main.php on line 518.
 1 APPPATH\Controllers\Main.php(518): CodeIgniter\Debug\Exceptions->errorHandler(8, 'Undefined variable: earning_name', 'APPPATH\\Controllers\\Main.php', 518, [...])
 2 SYSTEMPATH\CodeIgniter.php(900): App\Controllers\Main->payslip_add('$1')
 3 SYSTEMPATH\CodeIgniter.php(470): CodeIgniter\CodeIgniter->runController(Object(App\Controllers\Main))
 4 SYSTEMPATH\CodeIgniter.php(353): CodeIgniter\CodeIgniter->handleRequest(null, Object(Config\Cache), false)
 5 FCPATH\index.php(55): CodeIgniter\CodeIgniter->run()
CRITICAL - 2024-07-09 14:10:50 --> Undefined variable: increemented_code
in APPPATH\Views\pages\employees\add.php on line 34.
 1 APPPATH\Views\pages\employees\add.php(34): CodeIgniter\Debug\Exceptions->errorHandler(8, 'Undefined variable: increemented_code', 'APPPATH\\Views\\pages\\employees\\add.php', 34, [...])
 2 SYSTEMPATH\View\View.php(213): include('APPPATH\\Views\\pages\\employees\\add.php')
 3 SYSTEMPATH\View\View.php(216): CodeIgniter\View\View->CodeIgniter\View\{closure}()
 4 SYSTEMPATH\Common.php(1135): CodeIgniter\View\View->render('pages/employees/add', [], true)
 5 APPPATH\Controllers\Main.php(337): view('pages/employees/add', [...])
 6 SYSTEMPATH\CodeIgniter.php(900): App\Controllers\Main->employee_add()
 7 SYSTEMPATH\CodeIgniter.php(470): CodeIgniter\CodeIgniter->runController(Object(App\Controllers\Main))
 8 SYSTEMPATH\CodeIgniter.php(353): CodeIgniter\CodeIgniter->handleRequest(null, Object(Config\Cache), false)
 9 FCPATH\index.php(55): CodeIgniter\CodeIgniter->run()
CRITICAL - 2024-07-09 14:10:56 --> Undefined variable: increemented_code
in APPPATH\Views\pages\employees\add.php on line 34.
 1 APPPATH\Views\pages\employees\add.php(34): CodeIgniter\Debug\Exceptions->errorHandler(8, 'Undefined variable: increemented_code', 'APPPATH\\Views\\pages\\employees\\add.php', 34, [...])
 2 SYSTEMPATH\View\View.php(213): include('APPPATH\\Views\\pages\\employees\\add.php')
 3 SYSTEMPATH\View\View.php(216): CodeIgniter\View\View->CodeIgniter\View\{closure}()
 4 SYSTEMPATH\Common.php(1135): CodeIgniter\View\View->render('pages/employees/add', [], true)
 5 APPPATH\Controllers\Main.php(337): view('pages/employees/add', [...])
 6 SYSTEMPATH\CodeIgniter.php(900): App\Controllers\Main->employee_add()
 7 SYSTEMPATH\CodeIgniter.php(470): CodeIgniter\CodeIgniter->runController(Object(App\Controllers\Main))
 8 SYSTEMPATH\CodeIgniter.php(353): CodeIgniter\CodeIgniter->handleRequest(null, Object(Config\Cache), false)
 9 FCPATH\index.php(55): CodeIgniter\CodeIgniter->run()
CRITICAL - 2024-07-09 14:11:37 --> Undefined variable: increemented_code
in APPPATH\Views\pages\employees\add.php on line 34.
 1 APPPATH\Views\pages\employees\add.php(34): CodeIgniter\Debug\Exceptions->errorHandler(8, 'Undefined variable: increemented_code', 'APPPATH\\Views\\pages\\employees\\add.php', 34, [...])
 2 SYSTEMPATH\View\View.php(213): include('APPPATH\\Views\\pages\\employees\\add.php')
 3 SYSTEMPATH\View\View.php(216): CodeIgniter\View\View->CodeIgniter\View\{closure}()
 4 SYSTEMPATH\Common.php(1135): CodeIgniter\View\View->render('pages/employees/add', [], true)
 5 APPPATH\Controllers\Main.php(337): view('pages/employees/add', [...])
 6 SYSTEMPATH\CodeIgniter.php(900): App\Controllers\Main->employee_add()
 7 SYSTEMPATH\CodeIgniter.php(470): CodeIgniter\CodeIgniter->runController(Object(App\Controllers\Main))
 8 SYSTEMPATH\CodeIgniter.php(353): CodeIgniter\CodeIgniter->handleRequest(null, Object(Config\Cache), false)
 9 FCPATH\index.php(55): CodeIgniter\CodeIgniter->run()
