CRITICAL - 2024-07-13 09:40:25 --> Undefined property: App\Controllers\Main::$input
in APPPATH\Controllers\Main.php on line 508.
 1 APPPATH\Controllers\Main.php(508): CodeIgniter\Debug\Exceptions->errorHandler(8, 'Undefined property: App\\Controllers\\Main::$input', 'APPPATH\\Controllers\\Main.php', 508, [])
 2 SYSTEMPATH\CodeIgniter.php(900): App\Controllers\Main->payslip_add('$1')
 3 SYSTEMPATH\CodeIgniter.php(470): CodeIgniter\CodeIgniter->runController(Object(App\Controllers\Main))
 4 SYSTEMPATH\CodeIgniter.php(353): CodeIgniter\CodeIgniter->handleRequest(null, Object(Config\Cache), false)
 5 FCPATH\index.php(55): CodeIgniter\CodeIgniter->run()
CRITICAL - 2024-07-13 09:50:20 --> A non-numeric value encountered
in APPPATH\Controllers\Main.php on line 532.
 1 APPPATH\Controllers\Main.php(532): CodeIgniter\Debug\Exceptions->errorHandler(2, 'A non-numeric value encountered', 'APPPATH\\Controllers\\Main.php', 532, [...])
 2 SYSTEMPATH\CodeIgniter.php(900): App\Controllers\Main->payslip_add('$1')
 3 SYSTEMPATH\CodeIgniter.php(470): CodeIgniter\CodeIgniter->runController(Object(App\Controllers\Main))
 4 SYSTEMPATH\CodeIgniter.php(353): CodeIgniter\CodeIgniter->handleRequest(null, Object(Config\Cache), false)
 5 FCPATH\index.php(55): CodeIgniter\CodeIgniter->run()
CRITICAL - 2024-07-13 09:51:32 --> Undefined variable: total_ot
in APPPATH\Controllers\Main.php on line 548.
 1 APPPATH\Controllers\Main.php(548): CodeIgniter\Debug\Exceptions->errorHandler(8, 'Undefined variable: total_ot', 'APPPATH\\Controllers\\Main.php', 548, [...])
 2 SYSTEMPATH\CodeIgniter.php(900): App\Controllers\Main->payslip_add('$1')
 3 SYSTEMPATH\CodeIgniter.php(470): CodeIgniter\CodeIgniter->runController(Object(App\Controllers\Main))
 4 SYSTEMPATH\CodeIgniter.php(353): CodeIgniter\CodeIgniter->handleRequest(null, Object(Config\Cache), false)
 5 FCPATH\index.php(55): CodeIgniter\CodeIgniter->run()
CRITICAL - 2024-07-13 10:14:01 --> Undefined variable: earnings
in APPPATH\Controllers\Main.php on line 558.
 1 APPPATH\Controllers\Main.php(558): CodeIgniter\Debug\Exceptions->errorHandler(8, 'Undefined variable: earnings', 'APPPATH\\Controllers\\Main.php', 558, [...])
 2 SYSTEMPATH\CodeIgniter.php(900): App\Controllers\Main->payslip_add('$1')
 3 SYSTEMPATH\CodeIgniter.php(470): CodeIgniter\CodeIgniter->runController(Object(App\Controllers\Main))
 4 SYSTEMPATH\CodeIgniter.php(353): CodeIgniter\CodeIgniter->handleRequest(null, Object(Config\Cache), false)
 5 FCPATH\index.php(55): CodeIgniter\CodeIgniter->run()
CRITICAL - 2024-07-13 10:31:54 --> Undefined variable: present
in APPPATH\Views\pages\payslips\view.php on line 84.
 1 APPPATH\Views\pages\payslips\view.php(84): CodeIgniter\Debug\Exceptions->errorHandler(8, 'Undefined variable: present', 'APPPATH\\Views\\pages\\payslips\\view.php', 84, [...])
 2 SYSTEMPATH\View\View.php(213): include('APPPATH\\Views\\pages\\payslips\\view.php')
 3 SYSTEMPATH\View\View.php(216): CodeIgniter\View\View->CodeIgniter\View\{closure}()
 4 SYSTEMPATH\Common.php(1135): CodeIgniter\View\View->render('pages/payslips/view', [], true)
 5 APPPATH\Controllers\Main.php(652): view('pages/payslips/view', [...])
 6 SYSTEMPATH\CodeIgniter.php(900): App\Controllers\Main->payslip_view('38')
 7 SYSTEMPATH\CodeIgniter.php(470): CodeIgniter\CodeIgniter->runController(Object(App\Controllers\Main))
 8 SYSTEMPATH\CodeIgniter.php(353): CodeIgniter\CodeIgniter->handleRequest(null, Object(Config\Cache), false)
 9 FCPATH\index.php(55): CodeIgniter\CodeIgniter->run()
CRITICAL - 2024-07-13 10:32:02 --> Undefined variable: present
in APPPATH\Views\pages\payslips\view.php on line 84.
 1 APPPATH\Views\pages\payslips\view.php(84): CodeIgniter\Debug\Exceptions->errorHandler(8, 'Undefined variable: present', 'APPPATH\\Views\\pages\\payslips\\view.php', 84, [...])
 2 SYSTEMPATH\View\View.php(213): include('APPPATH\\Views\\pages\\payslips\\view.php')
 3 SYSTEMPATH\View\View.php(216): CodeIgniter\View\View->CodeIgniter\View\{closure}()
 4 SYSTEMPATH\Common.php(1135): CodeIgniter\View\View->render('pages/payslips/view', [], true)
 5 APPPATH\Controllers\Main.php(652): view('pages/payslips/view', [...])
 6 SYSTEMPATH\CodeIgniter.php(900): App\Controllers\Main->payslip_view('32')
 7 SYSTEMPATH\CodeIgniter.php(470): CodeIgniter\CodeIgniter->runController(Object(App\Controllers\Main))
 8 SYSTEMPATH\CodeIgniter.php(353): CodeIgniter\CodeIgniter->handleRequest(null, Object(Config\Cache), false)
 9 FCPATH\index.php(55): CodeIgniter\CodeIgniter->run()
CRITICAL - 2024-07-13 11:08:07 --> Undefined index: total_present
in APPPATH\Views\pages\payslips\view.php on line 84.
 1 APPPATH\Views\pages\payslips\view.php(84): CodeIgniter\Debug\Exceptions->errorHandler(8, 'Undefined index: total_present', 'APPPATH\\Views\\pages\\payslips\\view.php', 84, [...])
 2 SYSTEMPATH\View\View.php(213): include('APPPATH\\Views\\pages\\payslips\\view.php')
 3 SYSTEMPATH\View\View.php(216): CodeIgniter\View\View->CodeIgniter\View\{closure}()
 4 SYSTEMPATH\Common.php(1135): CodeIgniter\View\View->render('pages/payslips/view', [], true)
 5 APPPATH\Controllers\Main.php(656): view('pages/payslips/view', [...])
 6 SYSTEMPATH\CodeIgniter.php(900): App\Controllers\Main->payslip_view('38')
 7 SYSTEMPATH\CodeIgniter.php(470): CodeIgniter\CodeIgniter->runController(Object(App\Controllers\Main))
 8 SYSTEMPATH\CodeIgniter.php(353): CodeIgniter\CodeIgniter->handleRequest(null, Object(Config\Cache), false)
 9 FCPATH\index.php(55): CodeIgniter\CodeIgniter->run()
CRITICAL - 2024-07-13 11:11:49 --> Undefined index: total_present
in APPPATH\Views\pages\payslips\view.php on line 84.
 1 APPPATH\Views\pages\payslips\view.php(84): CodeIgniter\Debug\Exceptions->errorHandler(8, 'Undefined index: total_present', 'APPPATH\\Views\\pages\\payslips\\view.php', 84, [...])
 2 SYSTEMPATH\View\View.php(213): include('APPPATH\\Views\\pages\\payslips\\view.php')
 3 SYSTEMPATH\View\View.php(216): CodeIgniter\View\View->CodeIgniter\View\{closure}()
 4 SYSTEMPATH\Common.php(1135): CodeIgniter\View\View->render('pages/payslips/view', [], true)
 5 APPPATH\Controllers\Main.php(662): view('pages/payslips/view', [...])
 6 SYSTEMPATH\CodeIgniter.php(900): App\Controllers\Main->payslip_view('38')
 7 SYSTEMPATH\CodeIgniter.php(470): CodeIgniter\CodeIgniter->runController(Object(App\Controllers\Main))
 8 SYSTEMPATH\CodeIgniter.php(353): CodeIgniter\CodeIgniter->handleRequest(null, Object(Config\Cache), false)
 9 FCPATH\index.php(55): CodeIgniter\CodeIgniter->run()
ERROR - 2024-07-13 11:14:41 --> Cannot add or update a child row: a foreign key constraint fails (`payroll_db`.`payslips`, CONSTRAINT `payslips_payroll_id_foreign` FOREIGN KEY (`payroll_id`) REFERENCES `payrolls` (`id`) ON DELETE CASCADE ON UPDATE NO ACTION)
CRITICAL - 2024-07-13 11:14:41 --> Cannot add or update a child row: a foreign key constraint fails (`payroll_db`.`payslips`, CONSTRAINT `payslips_payroll_id_foreign` FOREIGN KEY (`payroll_id`) REFERENCES `payrolls` (`id`) ON DELETE CASCADE ON UPDATE NO ACTION)
in SYSTEMPATH\Database\MySQLi\Connection.php on line 292.
 1 SYSTEMPATH\Database\MySQLi\Connection.php(292): mysqli->query('INSERT INTO `payslips` (`salary`, `employee_id`, `witholding_tax`, `late_undertime`, `late_undertime_deduction`, `present`, `net`, `ot_rate`, `ot_hr`, `leg_rate`, `leg_hr`, `sp_rate`, `sp_hr`) VALUES (\'3000\', \'31\', \'\', \'45\', 46.875, \'48\', \'3868.125\', \'60\', \'5\', \'50\', \'6\', \'45\', \'7\')', 0)
 2 SYSTEMPATH\Database\BaseConnection.php(695): CodeIgniter\Database\MySQLi\Connection->execute('INSERT INTO `payslips` (`salary`, `employee_id`, `witholding_tax`, `late_undertime`, `late_undertime_deduction`, `present`, `net`, `ot_rate`, `ot_hr`, `leg_rate`, `leg_hr`, `sp_rate`, `sp_hr`) VALUES (\'3000\', \'31\', \'\', \'45\', 46.875, \'48\', \'3868.125\', \'60\', \'5\', \'50\', \'6\', \'45\', \'7\')')
 3 SYSTEMPATH\Database\BaseConnection.php(609): CodeIgniter\Database\BaseConnection->simpleQuery('INSERT INTO `payslips` (`salary`, `employee_id`, `witholding_tax`, `late_undertime`, `late_undertime_deduction`, `present`, `net`, `ot_rate`, `ot_hr`, `leg_rate`, `leg_hr`, `sp_rate`, `sp_hr`) VALUES (\'3000\', \'31\', \'\', \'45\', 46.875, \'48\', \'3868.125\', \'60\', \'5\', \'50\', \'6\', \'45\', \'7\')')
 4 SYSTEMPATH\Database\BaseBuilder.php(1904): CodeIgniter\Database\BaseConnection->query('INSERT INTO `payslips` (`salary`, `employee_id`, `witholding_tax`, `late_undertime`, `late_undertime_deduction`, `present`, `net`, `ot_rate`, `ot_hr`, `leg_rate`, `leg_hr`, `sp_rate`, `sp_hr`) VALUES (:salary:, :employee_id.1:, :witholding_tax:, :late_undertime:, :late_undertime_deduction:, :present:, :net:, :ot_rate:, :ot_hr:, :leg_rate:, :leg_hr:, :sp_rate:, :sp_hr:)', [...], false)
 5 SYSTEMPATH\Model.php(278): CodeIgniter\Database\BaseBuilder->insert()
 6 SYSTEMPATH\BaseModel.php(738): CodeIgniter\Model->doInsert([...])
 7 SYSTEMPATH\Model.php(666): CodeIgniter\BaseModel->insert([...], false)
 8 SYSTEMPATH\BaseModel.php(658): CodeIgniter\Model->insert([...], false)
 9 APPPATH\Controllers\Main.php(576): CodeIgniter\BaseModel->save([...])
10 SYSTEMPATH\CodeIgniter.php(900): App\Controllers\Main->payslip_add('$1')
11 SYSTEMPATH\CodeIgniter.php(470): CodeIgniter\CodeIgniter->runController(Object(App\Controllers\Main))
12 SYSTEMPATH\CodeIgniter.php(353): CodeIgniter\CodeIgniter->handleRequest(null, Object(Config\Cache), false)
13 FCPATH\index.php(55): CodeIgniter\CodeIgniter->run()
